#
# A fatal error has been detected by the Java Runtime Environment:
#
#  EXCEPTION_ACCESS_VIOLATION (0xc0000005) at pc=0x00007ff8faf81be9, pid=1600, tid=16564
#
# JRE version:  (17.0.10+7) (build )
# Java VM: OpenJDK 64-Bit Server VM (17.0.10+7, mixed mode, sharing, tiered, unknown gc, windows-amd64)
# Problematic frame:
# C  [jimage.dll+0x1be9]
#
# No core dump will be written. Minidumps are not enabled by default on client versions of Windows
#
#

---------------  S U M M A R Y ------------

Command Line: 

Host: 11th Gen Intel(R) Core(TM) i3-1125G4 @ 2.00GHz, 8 cores, 7G,  Windows 11 , 64 bit Build 22621 (10.0.22621.3374)
Time: Mon Apr 22 14:00:20 2024 India Standard Time elapsed time: 0.018615 seconds (0d 0h 0m 0s)

---------------  T H R E A D  ---------------

Current thread is native thread

Stack: [0x00000082abe00000,0x00000082abf00000],  sp=0x00000082abefd530,  free space=1013k
Native frames: (J=compiled Java code, j=interpreted, Vv=VM code, C=native code)
C  [jimage.dll+0x1be9]


siginfo: EXCEPTION_ACCESS_VIOLATION (0xc0000005), reading address 0x000000000001700c


Registers:
RAX=0x0000000000005bfc, RBX=0x00000082abefd621, RCX=0x00007ff8faf86000, RDX=0x0000000000005bfc
RSP=0x00000082abefd530, RBP=0x00000082abefd620, RSI=0x00000000000071c4, RDI=0x00000082abefd620
R8 =0x00007ff8faf84288, R9 =0x000000000000001c, R10=0x00007ff8f73c0000, R11=0x00007ff8faf86000
R12=0x0000000000000002, R13=0x0000024841de8a00, R14=0x00000082abefe690, R15=0x00007ff832de7d98
RIP=0x00007ff8faf81be9, EFLAGS=0x0000000000010246


Top of Stack: (sp=0x00000082abefd530)
0x00000082abefd530:   0000024841c70c20 00000000000000c0
0x00000082abefd540:   0000024841c70c38 0000024841c70bf4
0x00000082abefd550:   0000024841e01980 00007ff8faf81d77
0x00000082abefd560:   000000000000000b 0000024841e01980
0x00000082abefd570:   0000024841c60000 0000000000000002
0x00000082abefd580:   0000000200000101 0000000000000000
0x00000082abefd590:   00007ff91e2597e0 00000000000004b4
0x00000082abefd5a0:   00000082abefd708 00000082abefd730
0x00000082abefd5b0:   0000000000000002 ffffff7d5410284f
0x00000082abefd5c0:   000022c5f280aae5 0000aaa8d7e89a5a
0x00000082abefd5d0:   00007ff832dc6830 0000000000000017
0x00000082abefd5e0:   0000024841e01980 00000082abefe690
0x00000082abefd5f0:   000000000000000b 00007ff8faf82655
0x00000082abefd600:   0000000000000000 00007ff91e20d071
0x00000082abefd610:   0000000000000002 00000082abefd690
0x00000082abefd620:   61622e6176616a2f 692f6b646a2f6573
0x00000082abefd630:   2f6c616e7265746e 6f6974706f2f6d76
0x00000082abefd640:   000002484100736e 00000082abefd790
0x00000082abefd650:   000004b441e10aa0 00000001f46857d4
0x00000082abefd660:   00000082ab9ef000 0000024841c6177c
0x00000082abefd670:   0000000300000020 0000000000000000
0x00000082abefd680:   0000000300000002 00007ff900000002
0x00000082abefd690:   0000000000000000 0000000000000000
0x00000082abefd6a0:   0000000000000000 00000082abefd920
0x00000082abefd6b0:   00000082abefd7c0 00007ff91e20cc75
0x00000082abefd6c0:   00000082abefd870 0000000000000000
0x00000082abefd6d0:   00000082abefd790 00000082abefd708
0x00000082abefd6e0:   00000082abefd730 00000082abefd900
0x00000082abefd6f0:   00000082abefd700 00007ff91e208bd3
0x00000082abefd700:   0000000000000000 0000000000140012
0x00000082abefd710:   00000082abefd980 00000082abefdbb8
0x00000082abefd720:   00000082abefd8a8 0000000000000000 

Instructions: (pc=0x00007ff8faf81be9)
0x00007ff8faf81ae9:   48 85 c9 74 1d 80 3d 1b 45 00 00 00 74 06 48 8b
0x00007ff8faf81af9:   53 18 eb 04 48 8b 53 40 e8 ae 0e 00 00 48 83 63
0x00007ff8faf81b09:   48 00 8b 4b 0c 83 f9 ff 74 09 e8 e4 0c 00 00 83
0x00007ff8faf81b19:   4b 0c ff 48 8b 4b 70 48 85 c9 74 0f ba 10 00 00
0x00007ff8faf81b29:   00 e8 fd 0e 00 00 48 83 63 70 00 48 83 c4 20 5b
0x00007ff8faf81b39:   c3 cc cc 40 53 48 83 ec 20 48 8b d9 48 8d 0d d4
0x00007ff8faf81b49:   46 00 00 e8 b3 0c 00 00 83 6b 08 01 75 24 48 8b
0x00007ff8faf81b59:   d3 48 8d 0d b7 44 00 00 e8 22 08 00 00 48 8b cb
0x00007ff8faf81b69:   e8 de fe ff ff ba 78 00 00 00 48 8b cb e8 b1 0e
0x00007ff8faf81b79:   00 00 48 8d 0d 9e 46 00 00 48 83 c4 20 5b e9 80
0x00007ff8faf81b89:   0c 00 00 48 89 5c 24 08 48 89 74 24 10 57 48 83
0x00007ff8faf81b99:   ec 20 41 8b f1 4d 8b c8 48 8b fa 4c 8b d9 4d 85
0x00007ff8faf81ba9:   c0 74 78 85 f6 74 74 44 8a 12 48 8d 5a 01 48 8b
0x00007ff8faf81bb9:   d3 b8 93 01 00 01 eb 12 69 c0 93 01 00 01 41 0f
0x00007ff8faf81bc9:   b6 ca 44 8a 12 33 c1 48 ff c2 45 84 d2 75 e9 4d
0x00007ff8faf81bd9:   8b 03 0f ba f0 1f 33 d2 49 8b cb f7 f6 48 63 c2
0x00007ff8faf81be9:   41 8b 14 81 41 ff 50 08 85 c0 7e 24 8a 0f eb 10
0x00007ff8faf81bf9:   69 c0 93 01 00 01 0f b6 c9 33 c1 8a 0b 48 ff c3
0x00007ff8faf81c09:   84 c9 75 ec 0f ba f0 1f 33 d2 f7 f6 8b c2 eb 0e
0x00007ff8faf81c19:   79 09 83 c9 ff 2b c8 8b c1 eb 03 83 c8 ff 48 8b
0x00007ff8faf81c29:   5c 24 30 48 8b 74 24 38 48 83 c4 20 5f c3 cc 48
0x00007ff8faf81c39:   89 5c 24 08 48 89 74 24 10 57 48 83 ec 20 48 8b
0x00007ff8faf81c49:   f1 48 8d 0d cf 45 00 00 e8 ae 0b 00 00 33 ff 39
0x00007ff8faf81c59:   3d ba 43 00 00 76 24 48 8b 05 b9 43 00 00 48 8b
0x00007ff8faf81c69:   d6 48 8b 1c f8 48 8b 0b e8 64 1e 00 00 85 c0 74
0x00007ff8faf81c79:   2b ff c7 3b 3d 96 43 00 00 72 dc 33 db 48 8d 0d
0x00007ff8faf81c89:   93 45 00 00 e8 7a 0b 00 00 48 8b 74 24 38 48 8b
0x00007ff8faf81c99:   c3 48 8b 5c 24 30 48 83 c4 20 5f c3 ff 43 08 eb
0x00007ff8faf81ca9:   dc cc cc 48 89 5c 24 08 48 89 74 24 10 57 48 83
0x00007ff8faf81cb9:   ec 20 48 8b d9 48 8b f2 48 8b 49 10 49 8b f8 8b
0x00007ff8faf81cc9:   53 30 48 8b 01 ff 50 20 4c 8b 43 50 48 8b d6 48
0x00007ff8faf81cd9:   8b 4b 10 44 8b c8 e8 a8 fe ff ff 83 f8 ff 74 38 



---------------  P R O C E S S  ---------------

VM state: not at safepoint (not fully initialized)

VM Mutex/Monitor currently owned by a thread: None

GC Precious Log:
<Not initialized>


Dynamic libraries:
0x00007ff72a890000 - 0x00007ff72a89e000 	c:\Users\Shreyas\.vscode\extensions\redhat.java-1.29.0-win32-x64\jre\17.0.10-win32-x86_64\bin\java.exe
0x00007ff91e1f0000 - 0x00007ff91e406000 	C:\WINDOWS\SYSTEM32\ntdll.dll
0x00007ff91d1b0000 - 0x00007ff91d274000 	C:\WINDOWS\System32\KERNEL32.DLL
0x00007ff91b580000 - 0x00007ff91b927000 	C:\WINDOWS\System32\KERNELBASE.dll
0x00007ff91ba20000 - 0x00007ff91bb31000 	C:\WINDOWS\System32\ucrtbase.dll
0x00007ff8f5bd0000 - 0x00007ff8f5be7000 	c:\Users\Shreyas\.vscode\extensions\redhat.java-1.29.0-win32-x64\jre\17.0.10-win32-x86_64\bin\jli.dll
0x00007ff8f73c0000 - 0x00007ff8f73db000 	c:\Users\Shreyas\.vscode\extensions\redhat.java-1.29.0-win32-x64\jre\17.0.10-win32-x86_64\bin\VCRUNTIME140.dll
0x00007ff91c1c0000 - 0x00007ff91c36e000 	C:\WINDOWS\System32\USER32.dll
0x00007ff91b930000 - 0x00007ff91b956000 	C:\WINDOWS\System32\win32u.dll
0x00007ff8fe640000 - 0x00007ff8fe8d3000 	C:\WINDOWS\WinSxS\amd64_microsoft.windows.common-controls_6595b64144ccf1df_6.0.22621.3235_none_270f74e173860f98\COMCTL32.dll
0x00007ff91d280000 - 0x00007ff91d2a9000 	C:\WINDOWS\System32\GDI32.dll
0x00007ff91d470000 - 0x00007ff91d517000 	C:\WINDOWS\System32\msvcrt.dll
0x00007ff91bc60000 - 0x00007ff91bd79000 	C:\WINDOWS\System32\gdi32full.dll
0x00007ff91bbc0000 - 0x00007ff91bc5a000 	C:\WINDOWS\System32\msvcp_win.dll
0x00007ff91cbe0000 - 0x00007ff91cc11000 	C:\WINDOWS\System32\IMM32.DLL
0x00007ff8fd760000 - 0x00007ff8fd76c000 	c:\Users\Shreyas\.vscode\extensions\redhat.java-1.29.0-win32-x64\jre\17.0.10-win32-x86_64\bin\vcruntime140_1.dll
0x00007ff8c1360000 - 0x00007ff8c13ed000 	c:\Users\Shreyas\.vscode\extensions\redhat.java-1.29.0-win32-x64\jre\17.0.10-win32-x86_64\bin\msvcp140.dll
0x00007ff8324b0000 - 0x00007ff833112000 	c:\Users\Shreyas\.vscode\extensions\redhat.java-1.29.0-win32-x64\jre\17.0.10-win32-x86_64\bin\server\jvm.dll
0x00007ff91c100000 - 0x00007ff91c1b2000 	C:\WINDOWS\System32\ADVAPI32.dll
0x00007ff91bfd0000 - 0x00007ff91c078000 	C:\WINDOWS\System32\sechost.dll
0x00007ff91bd80000 - 0x00007ff91bda8000 	C:\WINDOWS\System32\bcrypt.dll
0x00007ff91d860000 - 0x00007ff91d975000 	C:\WINDOWS\System32\RPCRT4.dll
0x00007ff90ff90000 - 0x00007ff90ffc4000 	C:\WINDOWS\SYSTEM32\WINMM.dll
0x00007ff8f5940000 - 0x00007ff8f5949000 	C:\WINDOWS\SYSTEM32\WSOCK32.dll
0x00007ff90fd10000 - 0x00007ff90fd1a000 	C:\WINDOWS\SYSTEM32\VERSION.dll
0x00007ff91cc20000 - 0x00007ff91cc91000 	C:\WINDOWS\System32\WS2_32.dll
0x00007ff91ad90000 - 0x00007ff91addd000 	C:\WINDOWS\SYSTEM32\POWRPROF.dll
0x00007ff91ad70000 - 0x00007ff91ad83000 	C:\WINDOWS\SYSTEM32\UMPDC.dll
0x00007ff91a550000 - 0x00007ff91a568000 	C:\WINDOWS\SYSTEM32\kernel.appcore.dll
0x00007ff8faf80000 - 0x00007ff8faf8a000 	c:\Users\Shreyas\.vscode\extensions\redhat.java-1.29.0-win32-x64\jre\17.0.10-win32-x86_64\bin\jimage.dll
0x00007ff918e40000 - 0x00007ff919073000 	C:\WINDOWS\SYSTEM32\DBGHELP.DLL
0x00007ff91cca0000 - 0x00007ff91d028000 	C:\WINDOWS\System32\combase.dll
0x00007ff91d590000 - 0x00007ff91d667000 	C:\WINDOWS\System32\OLEAUT32.dll
0x00007ff8fa220000 - 0x00007ff8fa252000 	C:\WINDOWS\SYSTEM32\dbgcore.DLL
0x00007ff91bb40000 - 0x00007ff91bbb9000 	C:\WINDOWS\System32\bcryptPrimitives.dll

dbghelp: loaded successfully - version: 4.0.5 - missing functions: none
symbol engine: initialization error.

VM Arguments:
java_command: <unknown>
java_class_path (initial): <not set>
Launcher Type: SUN_STANDARD

[Global flags]
     bool UseLargePagesIndividualAllocation        = false                                  {pd product} {ergonomic}

Logging:
Log output configuration:
 #0: stdout all=warning uptime,level,tags
 #1: stderr all=off uptime,level,tags

Environment Variables:
PATH=C:\ProgramData\Oracle\Java\javapath;C:\Program Files\Common Files\Oracle\Java\javapath;C:\WINDOWS\system32;C:\WINDOWS;C:\WINDOWS\System32\Wbem;C:\WINDOWS\System32\WindowsPowerShell\v1.0\;C:\WINDOWS\System32\OpenSSH\;C:\MinGW\bin;C:\Users\Shreyas\Downloads\flutter_windows_3.16.8-stable\flutter\bin;C:\Users\Shreyas\AppData\Local\Android\Sdk;C:\Users\Shreyas\AppData\Local\Android\Sdk\platform-tools;C:\Program Files (x86)\Windows Kits\10\Windows Performance Toolkit\;C:\Users\Shreyas\Downloads\flutter_windows_3.16.8-stable.zip\flutter\bin;C:\Users\Shreyas\jdk-20_windows-x64_bin\jdk-20.0.2\bin;C:\Program Files\Git\cmd;C:\Users\Shreyas\AppData\Local\Android\Sdk\emulator;C:\Users\Shreyas\AppData\Local\Android\Sdk\tools\bin;C:\Users\Shreyas\.gradle;C:\Program Files\dotnet\;C:\Users\Shreyas\AppData\Local\Programs\Microsoft VS Code\bin;C:\Users\Shreyas\Downloads\flutter_windows_3.16.8-stable\flutter\bin;C:\Users\Shreyas\AppData\Local\Android\Sdk;C:\Users\Shreyas\AppData\Local\Android\Sdk\platform-tools;C:\Users\Shreyas\AppData\Local\Android\Sdk\emulator;C:\Users\Shreyas\AppData\Local\Android\Sdk\tools;C:\Users\Shreyas\AppData\Local\Android\Sdk\tools\bin;C:\Users\Shreyas\Downloads\flutter_windows_3.16.8-stable.zip\flutter\bin;C:\Users\Shreyas\Downloads\flutter_windows_3.16.8-stable\flutter\bin\cache\dart-sdk\bin;C:\Users\Shreyas\jdk-20_windows-x64_bin\jdk-20.0.2\bin;C:\Users\Shreyas\Downloads\gradle-8.5-bin.zip\gradle-8.5\bin;
USERNAME=Shreyas
OS=Windows_NT
PROCESSOR_IDENTIFIER=Intel64 Family 6 Model 140 Stepping 1, GenuineIntel
TMP=C:\Users\Shreyas\AppData\Local\Temp
TEMP=C:\Users\Shreyas\AppData\Local\Temp



Periodic native trim disabled


---------------  S Y S T E M  ---------------

OS:
 Windows 11 , 64 bit Build 22621 (10.0.22621.3374)
OS uptime: 0 days 0:14 hours

CPU: total 8 (initial active 0) 
Processor Information for processor 0
  Max Mhz: 2001, Current Mhz: 2000, Mhz Limit: 1980
Processor Information for processor 1
  Max Mhz: 2001, Current Mhz: 2000, Mhz Limit: 1980
Processor Information for processor 2
  Max Mhz: 2001, Current Mhz: 2000, Mhz Limit: 1980
Processor Information for processor 3
  Max Mhz: 2001, Current Mhz: 2000, Mhz Limit: 1980
Processor Information for processor 4
  Max Mhz: 2001, Current Mhz: 1200, Mhz Limit: 1980
Processor Information for processor 5
  Max Mhz: 2001, Current Mhz: 2000, Mhz Limit: 1980
Processor Information for processor 6
  Max Mhz: 2001, Current Mhz: 2000, Mhz Limit: 1980
Processor Information for processor 7
  Max Mhz: 2001, Current Mhz: 2000, Mhz Limit: 1980

Memory: 4k page, system-wide physical 7834M (831M free)
TotalPageFile size 12804M (AvailPageFile size 106M)
current process WorkingSet (physical memory assigned to process): 7M, peak: 7M
current process commit charge ("private bytes"): 2M, peak: 2M

vm_info: OpenJDK 64-Bit Server VM (17.0.10+7) for windows-amd64 JRE (17.0.10+7), built on Jan 16 2024 23:25:11 by "admin" with MS VC++ 16.10 / 16.11 (VS2019)

END.
