#
# There is insufficient memory for the Java Runtime Environment to continue.
# Native memory allocation (malloc) failed to allocate 234976 bytes for Chunk::new
# Possible reasons:
#   The system is out of physical RAM or swap space
#   The process is running with CompressedOops enabled, and the Java Heap may be blocking the growth of the native heap
# Possible solutions:
#   Reduce memory load on the system
#   Increase physical memory or swap space
#   Check if swap backing store is full
#   Decrease Java heap size (-Xmx/-Xms)
#   Decrease number of Java threads
#   Decrease Java thread stack sizes (-Xss)
#   Set larger code cache with -XX:ReservedCodeCacheSize=
#   JVM is running with Unscaled Compressed Oops mode in which the Java heap is
#     placed in the first 4GB address space. The Java Heap base address is the
#     maximum limit for the native heap growth. Please use -XX:HeapBaseMinAddress
#     to set the Java Heap base and to place the Java Heap above 4GB virtual address.
# This output file may be truncated or incomplete.
#
#  Out of Memory Error (arena.cpp:191), pid=23184, tid=19488
#
# JRE version: OpenJDK Runtime Environment Temurin-17.0.10+7 (17.0.10+7) (build 17.0.10+7)
# Java VM: OpenJDK 64-Bit Server VM Temurin-17.0.10+7 (17.0.10+7, mixed mode, tiered, compressed oops, compressed class ptrs, parallel gc, windows-amd64)
# No core dump will be written. Minidumps are not enabled by default on client versions of Windows
#

---------------  S U M M A R Y ------------

Command Line: --add-modules=ALL-SYSTEM --add-opens=java.base/java.util=ALL-UNNAMED --add-opens=java.base/java.lang=ALL-UNNAMED --add-opens=java.base/sun.nio.fs=ALL-UNNAMED -Declipse.application=org.eclipse.jdt.ls.core.id1 -Dosgi.bundles.defaultStartLevel=4 -Declipse.product=org.eclipse.jdt.ls.core.product -Djava.import.generatesMetadataFilesAtProjectRoot=false -DDetectVMInstallationsJob.disabled=true -Dfile.encoding=utf8 -XX:+UseParallelGC -XX:GCTimeRatio=4 -XX:AdaptiveSizePolicyWeight=90 -Dsun.zip.disableMemoryMapping=true -Xmx1G -Xms100m -Xlog:disable -javaagent:c:\Users\Shreyas\.vscode\extensions\redhat.java-1.29.0-win32-x64\lombok\lombok-1.18.32.jar -XX:+HeapDumpOnOutOfMemoryError -XX:HeapDumpPath=c:\Users\Shreyas\AppData\Roaming\Code\User\workspaceStorage\1c0bf51968b0f430988c3dc85523d985\redhat.java -Daether.dependencyCollector.impl=bf c:\Users\Shreyas\.vscode\extensions\redhat.java-1.29.0-win32-x64\server\plugins\org.eclipse.equinox.launcher_1.6.800.v20240304-1850.jar -configuration c:\Users\Shreyas\AppData\Roaming\Code\User\globalStorage\redhat.java\1.29.0\config_win -data c:\Users\Shreyas\AppData\Roaming\Code\User\workspaceStorage\1c0bf51968b0f430988c3dc85523d985\redhat.java\jdt_ws --stdio

Host: 11th Gen Intel(R) Core(TM) i3-1125G4 @ 2.00GHz, 8 cores, 7G,  Windows 11 , 64 bit Build 22621 (10.0.22621.3374)
Time: Mon Apr 22 14:02:35 2024 India Standard Time elapsed time: 2.850303 seconds (0d 0h 0m 2s)

---------------  T H R E A D  ---------------

Current thread (0x00000215b0d77800):  JavaThread "C2 CompilerThread0" daemon [_thread_in_native, id=19488, stack(0x00000075de500000,0x00000075de600000)]


Current CompileTask:
C2:   2850 1436   !   4       java.lang.String::<init> (843 bytes)

Stack: [0x00000075de500000,0x00000075de600000]
Native frames: (J=compiled Java code, j=interpreted, Vv=VM code, C=native code)
V  [jvm.dll+0x67d2c9]
V  [jvm.dll+0x834afa]
V  [jvm.dll+0x8365be]
V  [jvm.dll+0x836c23]
V  [jvm.dll+0x2477ff]
V  [jvm.dll+0xac514]
V  [jvm.dll+0xacb5c]
V  [jvm.dll+0x3667d7]
V  [jvm.dll+0x330bfa]
V  [jvm.dll+0x33009a]
V  [jvm.dll+0x219ef1]
V  [jvm.dll+0x219311]
V  [jvm.dll+0x1a502d]
V  [jvm.dll+0x2290de]
V  [jvm.dll+0x2272ac]
V  [jvm.dll+0x7e9bb7]
V  [jvm.dll+0x7e3fba]
V  [jvm.dll+0x67c1b5]
C  [ucrtbase.dll+0x29333]
C  [KERNEL32.DLL+0x1257d]
C  [ntdll.dll+0x5aa48]


---------------  P R O C E S S  ---------------

Threads class SMR info:
_java_thread_list=0x00000215b25f2520, length=14, elements={
0x0000021597daab50, 0x00000215abc24020, 0x00000215abc25090, 0x00000215b0d47f20,
0x00000215b0d49800, 0x00000215b0d4db60, 0x00000215b0d4d140, 0x00000215b0d77800,
0x00000215b0d83830, 0x00000215b0d948c0, 0x00000215b0d4cc30, 0x00000215b0d4c210,
0x00000215b24a1000, 0x00000215b0d4bd00
}

Java Threads: ( => current thread )
  0x0000021597daab50 JavaThread "main" [_thread_in_Java, id=15264, stack(0x00000075ddc00000,0x00000075ddd00000)]
  0x00000215abc24020 JavaThread "Reference Handler" daemon [_thread_blocked, id=19424, stack(0x00000075ddf00000,0x00000075de000000)]
  0x00000215abc25090 JavaThread "Finalizer" daemon [_thread_blocked, id=1996, stack(0x00000075de000000,0x00000075de100000)]
  0x00000215b0d47f20 JavaThread "Signal Dispatcher" daemon [_thread_blocked, id=9332, stack(0x00000075de100000,0x00000075de200000)]
  0x00000215b0d49800 JavaThread "Attach Listener" daemon [_thread_blocked, id=4732, stack(0x00000075de200000,0x00000075de300000)]
  0x00000215b0d4db60 JavaThread "Service Thread" daemon [_thread_blocked, id=21520, stack(0x00000075de300000,0x00000075de400000)]
  0x00000215b0d4d140 JavaThread "Monitor Deflation Thread" daemon [_thread_blocked, id=5992, stack(0x00000075de400000,0x00000075de500000)]
=>0x00000215b0d77800 JavaThread "C2 CompilerThread0" daemon [_thread_in_native, id=19488, stack(0x00000075de500000,0x00000075de600000)]
  0x00000215b0d83830 JavaThread "C1 CompilerThread0" daemon [_thread_in_native, id=18984, stack(0x00000075de600000,0x00000075de700000)]
  0x00000215b0d948c0 JavaThread "Sweeper thread" daemon [_thread_blocked, id=21708, stack(0x00000075de700000,0x00000075de800000)]
  0x00000215b0d4cc30 JavaThread "Common-Cleaner" daemon [_thread_blocked, id=7404, stack(0x00000075de800000,0x00000075de900000)]
  0x00000215b0d4c210 JavaThread "Notification Thread" daemon [_thread_blocked, id=21364, stack(0x00000075de900000,0x00000075dea00000)]
  0x00000215b24a1000 JavaThread "C2 CompilerThread1" daemon [_thread_in_native, id=8776, stack(0x00000075df100000,0x00000075df200000)]
  0x00000215b0d4bd00 JavaThread "Active Thread: Equinox Container: e8eb5242-cced-40cb-88c7-135e40f4c499" [_thread_blocked, id=16272, stack(0x00000075df200000,0x00000075df300000)]

Other Threads:
  0x0000021597e4eab0 VMThread "VM Thread" [stack: 0x00000075dde00000,0x00000075ddf00000] [id=12144]
  0x00000215b10bbb00 WatcherThread [stack: 0x00000075dea00000,0x00000075deb00000] [id=18680]
  0x0000021597dbe690 GCTaskThread "GC Thread#0" [stack: 0x00000075ddd00000,0x00000075dde00000] [id=6340]
  0x00000215b10ba5a0 GCTaskThread "GC Thread#1" [stack: 0x00000075deb00000,0x00000075dec00000] [id=23436]
  0x00000215b10b8420 GCTaskThread "GC Thread#2" [stack: 0x00000075dec00000,0x00000075ded00000] [id=13776]
  0x00000215b10b86e0 GCTaskThread "GC Thread#3" [stack: 0x00000075ded00000,0x00000075dee00000] [id=23364]
  0x00000215b2100310 GCTaskThread "GC Thread#4" [stack: 0x00000075dee00000,0x00000075def00000] [id=22072]
  0x00000215b21005d0 GCTaskThread "GC Thread#5" [stack: 0x00000075def00000,0x00000075df000000] [id=22976]
  0x00000215b2100890 GCTaskThread "GC Thread#6" [stack: 0x00000075df000000,0x00000075df100000] [id=5380]

Threads with active compile tasks:
C2 CompilerThread0     2877 1436   !   4       java.lang.String::<init> (843 bytes)
C2 CompilerThread1     2878 1461       4       java.util.StringTokenizer::scanToken (179 bytes)

VM state: not at safepoint (normal execution)

VM Mutex/Monitor currently owned by a thread: None

Heap address: 0x00000000c0000000, size: 1024 MB, Compressed Oops mode: 32-bit

CDS archive(s) not mapped
Compressed class space mapped at: 0x0000000100000000-0x0000000140000000, reserved size: 1073741824
Narrow klass base: 0x0000000000000000, Narrow klass shift: 3, Narrow klass range: 0x140000000

GC Precious Log:
 CPUs: 8 total, 8 available
 Memory: 7834M
 Large Page Support: Disabled
 NUMA Support: Disabled
 Compressed Oops: Enabled (32-bit)
 Alignments: Space 512K, Generation 512K, Heap 2M
 Heap Min Capacity: 100M
 Heap Initial Capacity: 100M
 Heap Max Capacity: 1G
 Pre-touch: Disabled
 Parallel Workers: 8

Heap:
 PSYoungGen      total 29696K, used 23323K [0x00000000eab00000, 0x00000000ecc00000, 0x0000000100000000)
  eden space 25600K, 78% used [0x00000000eab00000,0x00000000ebeaf5c8,0x00000000ec400000)
  from space 4096K, 77% used [0x00000000ec400000,0x00000000ec7176f0,0x00000000ec800000)
  to   space 4096K, 0% used [0x00000000ec800000,0x00000000ec800000,0x00000000ecc00000)
 ParOldGen       total 68608K, used 16K [0x00000000c0000000, 0x00000000c4300000, 0x00000000eab00000)
  object space 68608K, 0% used [0x00000000c0000000,0x00000000c0004000,0x00000000c4300000)
 Metaspace       used 13713K, committed 13952K, reserved 1114112K
  class space    used 1356K, committed 1472K, reserved 1048576K

Card table byte_map: [0x0000021597760000,0x0000021597970000] _byte_map_base: 0x0000021597160000

Marking Bits: (ParMarkBitMap*) 0x00007ff86eced7d0
 Begin Bits: [0x00000215a9a30000, 0x00000215aaa30000)
 End Bits:   [0x00000215aaa30000, 0x00000215aba30000)

Polling page: 0x0000021597550000

Metaspace:

Usage:
  Non-class:     12.07 MB used.
      Class:      1.32 MB used.
       Both:     13.39 MB used.

Virtual space:
  Non-class space:       64.00 MB reserved,      12.19 MB ( 19%) committed,  1 nodes.
      Class space:        1.00 GB reserved,       1.44 MB ( <1%) committed,  1 nodes.
             Both:        1.06 GB reserved,      13.62 MB (  1%) committed. 

Chunk freelists:
   Non-Class:  3.36 MB
       Class:  14.48 MB
        Both:  17.84 MB

MaxMetaspaceSize: unlimited
CompressedClassSpaceSize: 1.00 GB
Initial GC threshold: 21.00 MB
Current GC threshold: 21.00 MB
CDS: off
MetaspaceReclaimPolicy: balanced
 - commit_granule_bytes: 65536.
 - commit_granule_words: 8192.
 - virtual_space_node_default_size: 8388608.
 - enlarge_chunks_in_place: 1.
 - new_chunks_are_fully_committed: 0.
 - uncommit_free_chunks: 1.
 - use_allocation_guard: 0.
 - handle_deallocations: 1.


Internal statistics:

num_allocs_failed_limit: 0.
num_arena_births: 54.
num_arena_deaths: 0.
num_vsnodes_births: 2.
num_vsnodes_deaths: 0.
num_space_committed: 218.
num_space_uncommitted: 0.
num_chunks_returned_to_freelist: 0.
num_chunks_taken_from_freelist: 213.
num_chunk_merges: 0.
num_chunk_splits: 146.
num_chunks_enlarged: 120.
num_inconsistent_stats: 0.

CodeHeap 'non-profiled nmethods': size=120000Kb used=625Kb max_used=625Kb free=119374Kb
 bounds [0x00000215a2500000, 0x00000215a2770000, 0x00000215a9a30000]
CodeHeap 'profiled nmethods': size=120000Kb used=2605Kb max_used=2605Kb free=117395Kb
 bounds [0x000002159aa30000, 0x000002159acc0000, 0x00000215a1f60000]
CodeHeap 'non-nmethods': size=5760Kb used=1166Kb max_used=1184Kb free=4593Kb
 bounds [0x00000215a1f60000, 0x00000215a21d0000, 0x00000215a2500000]
 total_blobs=1911 nmethods=1461 adapters=364
 compilation: enabled
              stopped_count=0, restarted_count=0
 full_count=0

Compilation events (20 events):
Event: 2.813 Thread 0x00000215b0d83830 nmethod 1435 0x000002159aca8e10 code [0x000002159aca8fc0, 0x000002159aca9108]
Event: 2.817 Thread 0x00000215b0d77800 1436   !   4       java.lang.String::<init> (843 bytes)
Event: 2.821 Thread 0x00000215b0d83830 1437       3       jdk.internal.util.ArraysSupport::vectorizedMismatch (268 bytes)
Event: 2.821 Thread 0x00000215b0d83830 nmethod 1437 0x000002159aca9210 code [0x000002159aca93e0, 0x000002159aca9838]
Event: 2.827 Thread 0x00000215b0d83830 1439       3       java.lang.String::checkIndex (48 bytes)
Event: 2.828 Thread 0x00000215b0d83830 nmethod 1439 0x000002159aca9990 code [0x000002159aca9be0, 0x000002159acaa358]
Event: 2.828 Thread 0x00000215b0d83830 1440       3       jdk.internal.util.ArraysSupport::mismatch (73 bytes)
Event: 2.828 Thread 0x00000215b0d83830 nmethod 1440 0x000002159acaa690 code [0x000002159acaa860, 0x000002159acaac78]
Event: 2.829 Thread 0x00000215b0d83830 1441       3       java.math.BigInteger::implSquareToLen (154 bytes)
Event: 2.829 Thread 0x00000215b0d83830 nmethod 1441 0x000002159acaae90 code [0x000002159acab080, 0x000002159acab528]
Event: 2.829 Thread 0x00000215b0d83830 1442       3       java.math.BigInteger::shiftLeftImplWorker (43 bytes)
Event: 2.830 Thread 0x00000215b0d83830 nmethod 1442 0x000002159acab890 code [0x000002159acaba40, 0x000002159acabc78]
Event: 2.832 Thread 0x00000215b0d83830 1443       3       java.math.MutableBigInteger::divWord (108 bytes)
Event: 2.833 Thread 0x00000215b0d83830 nmethod 1443 0x000002159acabe10 code [0x000002159acabfc0, 0x000002159acac338]
Event: 2.833 Thread 0x00000215b24a1000 1444 %     4       java.math.MutableBigInteger::mulsub @ 24 (110 bytes)
Event: 2.837 Thread 0x00000215b24a1000 nmethod 1444% 0x00000215a259b690 code [0x00000215a259b820, 0x00000215a259b9f8]
Event: 2.837 Thread 0x00000215b24a1000 1445 %     4       java.math.BigInteger::implMultiplyToLen @ 135 (216 bytes)
Event: 2.837 Thread 0x00000215b0d83830 1446       3       java.math.BigInteger::bitLength (140 bytes)
Event: 2.838 Thread 0x00000215b0d83830 nmethod 1446 0x000002159acac490 code [0x000002159acac680, 0x000002159acacbd8]
Event: 2.845 Thread 0x00000215b24a1000 nmethod 1445% 0x00000215a259bb90 code [0x00000215a259bd20, 0x00000215a259c058]

GC Heap History (2 events):
Event: 1.676 GC heap before
{Heap before GC invocations=1 (full 0):
 PSYoungGen      total 29696K, used 25600K [0x00000000eab00000, 0x00000000ecc00000, 0x0000000100000000)
  eden space 25600K, 100% used [0x00000000eab00000,0x00000000ec400000,0x00000000ec400000)
  from space 4096K, 0% used [0x00000000ec800000,0x00000000ec800000,0x00000000ecc00000)
  to   space 4096K, 0% used [0x00000000ec400000,0x00000000ec400000,0x00000000ec800000)
 ParOldGen       total 68608K, used 0K [0x00000000c0000000, 0x00000000c4300000, 0x00000000eab00000)
  object space 68608K, 0% used [0x00000000c0000000,0x00000000c0000000,0x00000000c4300000)
 Metaspace       used 11000K, committed 11200K, reserved 1114112K
  class space    used 1098K, committed 1216K, reserved 1048576K
}
Event: 1.686 GC heap after
{Heap after GC invocations=1 (full 0):
 PSYoungGen      total 29696K, used 3165K [0x00000000eab00000, 0x00000000ecc00000, 0x0000000100000000)
  eden space 25600K, 0% used [0x00000000eab00000,0x00000000eab00000,0x00000000ec400000)
  from space 4096K, 77% used [0x00000000ec400000,0x00000000ec7176f0,0x00000000ec800000)
  to   space 4096K, 0% used [0x00000000ec800000,0x00000000ec800000,0x00000000ecc00000)
 ParOldGen       total 68608K, used 16K [0x00000000c0000000, 0x00000000c4300000, 0x00000000eab00000)
  object space 68608K, 0% used [0x00000000c0000000,0x00000000c0004000,0x00000000c4300000)
 Metaspace       used 11000K, committed 11200K, reserved 1114112K
  class space    used 1098K, committed 1216K, reserved 1048576K
}

Dll operation events (8 events):
Event: 0.018 Loaded shared library c:\Users\Shreyas\.vscode\extensions\redhat.java-1.29.0-win32-x64\jre\17.0.10-win32-x86_64\bin\java.dll
Event: 0.328 Loaded shared library c:\Users\Shreyas\.vscode\extensions\redhat.java-1.29.0-win32-x64\jre\17.0.10-win32-x86_64\bin\zip.dll
Event: 0.332 Loaded shared library C:\Users\Shreyas\.vscode\extensions\redhat.java-1.29.0-win32-x64\jre\17.0.10-win32-x86_64\bin\instrument.dll
Event: 0.366 Loaded shared library C:\Users\Shreyas\.vscode\extensions\redhat.java-1.29.0-win32-x64\jre\17.0.10-win32-x86_64\bin\net.dll
Event: 0.369 Loaded shared library C:\Users\Shreyas\.vscode\extensions\redhat.java-1.29.0-win32-x64\jre\17.0.10-win32-x86_64\bin\nio.dll
Event: 0.387 Loaded shared library C:\Users\Shreyas\.vscode\extensions\redhat.java-1.29.0-win32-x64\jre\17.0.10-win32-x86_64\bin\zip.dll
Event: 0.422 Loaded shared library C:\Users\Shreyas\.vscode\extensions\redhat.java-1.29.0-win32-x64\jre\17.0.10-win32-x86_64\bin\jimage.dll
Event: 0.599 Loaded shared library c:\Users\Shreyas\.vscode\extensions\redhat.java-1.29.0-win32-x64\jre\17.0.10-win32-x86_64\bin\verify.dll

Deoptimization events (20 events):
Event: 2.064 Thread 0x0000021597daab50 DEOPT PACKING pc=0x000002159aa9e6c5 sp=0x00000075ddcf3dd0
Event: 2.064 Thread 0x0000021597daab50 DEOPT UNPACKING pc=0x00000215a1fba9e3 sp=0x00000075ddcf3280 mode 0
Event: 2.070 Thread 0x0000021597daab50 DEOPT PACKING pc=0x000002159aa9e6c5 sp=0x00000075ddcf3dd0
Event: 2.070 Thread 0x0000021597daab50 DEOPT UNPACKING pc=0x00000215a1fba9e3 sp=0x00000075ddcf3280 mode 0
Event: 2.086 Thread 0x0000021597daab50 DEOPT PACKING pc=0x000002159aa9e6c5 sp=0x00000075ddcf3dd0
Event: 2.086 Thread 0x0000021597daab50 DEOPT UNPACKING pc=0x00000215a1fba9e3 sp=0x00000075ddcf3280 mode 0
Event: 2.099 Thread 0x0000021597daab50 DEOPT PACKING pc=0x000002159aa9e6c5 sp=0x00000075ddcf7900
Event: 2.099 Thread 0x0000021597daab50 DEOPT UNPACKING pc=0x00000215a1fba9e3 sp=0x00000075ddcf6db0 mode 0
Event: 2.738 Thread 0x0000021597daab50 Uncommon trap: trap_request=0xffffffde fr.pc=0x00000215a256da00 relative=0x00000000000009c0
Event: 2.738 Thread 0x0000021597daab50 Uncommon trap: reason=class_check action=maybe_recompile pc=0x00000215a256da00 method=java.util.HashMap.putVal(ILjava/lang/Object;Ljava/lang/Object;ZZ)Ljava/lang/Object; @ 253 c2
Event: 2.738 Thread 0x0000021597daab50 DEOPT PACKING pc=0x00000215a256da00 sp=0x00000075ddcfde50
Event: 2.738 Thread 0x0000021597daab50 DEOPT UNPACKING pc=0x00000215a1fb9ea3 sp=0x00000075ddcfdd78 mode 2
Event: 2.746 Thread 0x0000021597daab50 Uncommon trap: trap_request=0xffffffde fr.pc=0x00000215a256da00 relative=0x00000000000009c0
Event: 2.746 Thread 0x0000021597daab50 Uncommon trap: reason=class_check action=maybe_recompile pc=0x00000215a256da00 method=java.util.HashMap.putVal(ILjava/lang/Object;Ljava/lang/Object;ZZ)Ljava/lang/Object; @ 253 c2
Event: 2.746 Thread 0x0000021597daab50 DEOPT PACKING pc=0x00000215a256da00 sp=0x00000075ddcfde50
Event: 2.746 Thread 0x0000021597daab50 DEOPT UNPACKING pc=0x00000215a1fb9ea3 sp=0x00000075ddcfdd78 mode 2
Event: 2.747 Thread 0x0000021597daab50 Uncommon trap: trap_request=0xffffffde fr.pc=0x00000215a256a414 relative=0x0000000000000954
Event: 2.747 Thread 0x0000021597daab50 Uncommon trap: reason=class_check action=maybe_recompile pc=0x00000215a256a414 method=java.util.HashMap.putVal(ILjava/lang/Object;Ljava/lang/Object;ZZ)Ljava/lang/Object; @ 253 c2
Event: 2.747 Thread 0x0000021597daab50 DEOPT PACKING pc=0x00000215a256a414 sp=0x00000075ddcfdcc0
Event: 2.747 Thread 0x0000021597daab50 DEOPT UNPACKING pc=0x00000215a1fb9ea3 sp=0x00000075ddcfdc70 mode 2

Classes unloaded (0 events):
No events

Classes redefined (0 events):
No events

Internal exceptions (20 events):
Event: 1.123 Thread 0x0000021597daab50 Exception <a 'java/io/FileNotFoundException'{0x00000000eb881170}> (0x00000000eb881170) 
thrown [s\src\hotspot\share\prims\jni.cpp, line 516]
Event: 1.124 Thread 0x0000021597daab50 Exception <a 'java/io/FileNotFoundException'{0x00000000eb881e50}> (0x00000000eb881e50) 
thrown [s\src\hotspot\share\prims\jni.cpp, line 516]
Event: 1.132 Thread 0x0000021597daab50 Implicit null exception at 0x00000215a25220f2 to 0x00000215a2522668
Event: 1.137 Thread 0x0000021597daab50 Exception <a 'java/io/FileNotFoundException'{0x00000000eb8bc738}> (0x00000000eb8bc738) 
thrown [s\src\hotspot\share\prims\jni.cpp, line 516]
Event: 1.454 Thread 0x0000021597daab50 Exception <a 'java/lang/ClassNotFoundException'{0x00000000ec0c0d68}: sun/net/www/protocol/c/Handler> (0x00000000ec0c0d68) 
thrown [s\src\hotspot\share\classfile\systemDictionary.cpp, line 256]
Event: 1.455 Thread 0x0000021597daab50 Exception <a 'java/lang/ClassNotFoundException'{0x00000000ec0c20d8}: sun/net/www/protocol/c/Handler> (0x00000000ec0c20d8) 
thrown [s\src\hotspot\share\classfile\systemDictionary.cpp, line 256]
Event: 1.456 Thread 0x0000021597daab50 Exception <a 'java/lang/ClassNotFoundException'{0x00000000ec0c32a0}: sun/net/www/protocol/c/Handler> (0x00000000ec0c32a0) 
thrown [s\src\hotspot\share\classfile\systemDictionary.cpp, line 256]
Event: 1.478 Thread 0x0000021597daab50 Exception <a 'java/io/FileNotFoundException'{0x00000000ec0ea490}> (0x00000000ec0ea490) 
thrown [s\src\hotspot\share\prims\jni.cpp, line 516]
Event: 1.538 Thread 0x0000021597daab50 Implicit null exception at 0x00000215a255c47b to 0x00000215a255ce2c
Event: 1.543 Thread 0x0000021597daab50 Implicit null exception at 0x00000215a255666c to 0x00000215a2556848
Event: 1.544 Thread 0x0000021597daab50 Implicit null exception at 0x00000215a254d7ec to 0x00000215a254d9d0
Event: 1.548 Thread 0x0000021597daab50 Implicit null exception at 0x00000215a2544c0f to 0x00000215a2544c85
Event: 1.661 Thread 0x0000021597daab50 Exception <a 'java/lang/NoSuchMethodError'{0x00000000ec3bddb8}: 'int java.lang.invoke.DirectMethodHandle$Holder.invokeStaticInit(java.lang.Object, java.lang.Object, java.lang.Object, java.lang.Object)'> (0x00000000ec3bddb8) 
thrown [s\src\hotspot\share\interpreter\linkResolver.cpp, line 759]
Event: 1.663 Thread 0x0000021597daab50 Exception <a 'java/lang/NoSuchMethodError'{0x00000000ec3c8428}: 'java.lang.Object java.lang.invoke.DirectMethodHandle$Holder.invokeInterface(java.lang.Object, java.lang.Object)'> (0x00000000ec3c8428) 
thrown [s\src\hotspot\share\interpreter\linkResolver.cpp, line 759]
Event: 1.664 Thread 0x0000021597daab50 Exception <a 'java/lang/IncompatibleClassChangeError'{0x00000000ec3cbc20}: Found class java.lang.Object, but interface was expected> (0x00000000ec3cbc20) 
thrown [s\src\hotspot\share\interpreter\linkResolver.cpp, line 826]
Event: 1.665 Thread 0x0000021597daab50 Exception <a 'java/lang/NoSuchMethodError'{0x00000000ec3d0110}: 'void java.lang.invoke.DirectMethodHandle$Holder.invokeStatic(java.lang.Object, java.lang.Object)'> (0x00000000ec3d0110) 
thrown [s\src\hotspot\share\interpreter\linkResolver.cpp, line 759]
Event: 1.666 Thread 0x0000021597daab50 Exception <a 'java/lang/NoSuchMethodError'{0x00000000ec3d3910}: 'void java.lang.invoke.DirectMethodHandle$Holder.invokeStaticInit(java.lang.Object, java.lang.Object)'> (0x00000000ec3d3910) 
thrown [s\src\hotspot\share\interpreter\linkResolver.cpp, line 759]
Event: 1.668 Thread 0x0000021597daab50 Exception <a 'java/lang/NoSuchMethodError'{0x00000000ec3daf80}: 'int java.lang.invoke.DirectMethodHandle$Holder.invokeStaticInit(java.lang.Object, java.lang.Object)'> (0x00000000ec3daf80) 
thrown [s\src\hotspot\share\interpreter\linkResolver.cpp, line 759]
Event: 1.801 Thread 0x0000021597daab50 Exception <a 'java/lang/NoSuchMethodError'{0x00000000eac69898}: 'void java.lang.invoke.DirectMethodHandle$Holder.invokeSpecial(java.lang.Object, java.lang.Object, java.lang.Object)'> (0x00000000eac69898) 
thrown [s\src\hotspot\share\interpreter\linkResolver.cpp, line 759]
Event: 2.688 Thread 0x0000021597daab50 Exception <a 'java/lang/NoSuchMethodError'{0x00000000eba1c740}: 'java.lang.Object java.lang.invoke.DirectMethodHandle$Holder.newInvokeSpecial(java.lang.Object, int, java.lang.Object)'> (0x00000000eba1c740) 
thrown [s\src\hotspot\share\interpreter\linkResolver.cpp, line 759]

VM Operations (20 events):
Event: 0.452 Executing VM operation: HandshakeAllThreads
Event: 0.452 Executing VM operation: HandshakeAllThreads done
Event: 1.078 Executing VM operation: HandshakeAllThreads
Event: 1.078 Executing VM operation: HandshakeAllThreads done
Event: 1.108 Executing VM operation: HandshakeAllThreads
Event: 1.108 Executing VM operation: HandshakeAllThreads done
Event: 1.108 Executing VM operation: Cleanup
Event: 1.110 Executing VM operation: Cleanup done
Event: 1.428 Executing VM operation: HandshakeAllThreads
Event: 1.428 Executing VM operation: HandshakeAllThreads done
Event: 1.676 Executing VM operation: ParallelGCFailedAllocation
Event: 1.686 Executing VM operation: ParallelGCFailedAllocation done
Event: 2.613 Executing VM operation: HandshakeAllThreads
Event: 2.613 Executing VM operation: HandshakeAllThreads done
Event: 2.614 Executing VM operation: HandshakeAllThreads
Event: 2.614 Executing VM operation: HandshakeAllThreads done
Event: 2.627 Executing VM operation: HandshakeAllThreads
Event: 2.627 Executing VM operation: HandshakeAllThreads done
Event: 2.682 Executing VM operation: HandshakeAllThreads
Event: 2.682 Executing VM operation: HandshakeAllThreads done

Events (20 events):
Event: 2.611 loading class java/util/concurrent/locks/AbstractQueuedSynchronizer$ConditionNode
Event: 2.611 loading class java/util/concurrent/locks/AbstractQueuedSynchronizer$Node
Event: 2.611 loading class java/util/concurrent/locks/AbstractQueuedSynchronizer$Node done
Event: 2.611 loading class java/util/concurrent/locks/AbstractQueuedSynchronizer$ConditionNode done
Event: 2.627 loading class java/util/ArrayList$ListItr
Event: 2.627 loading class java/util/ArrayList$ListItr done
Event: 2.681 loading class java/util/LinkedList
Event: 2.681 loading class java/util/AbstractSequentialList
Event: 2.681 loading class java/util/AbstractSequentialList done
Event: 2.682 loading class java/util/LinkedList done
Event: 2.745 loading class java/util/ConcurrentModificationException
Event: 2.745 loading class java/util/ConcurrentModificationException done
Event: 2.751 loading class java/net/ContentHandlerFactory
Event: 2.751 loading class java/net/ContentHandlerFactory done
Event: 2.756 loading class java/net/ContentHandler
Event: 2.757 loading class java/net/ContentHandler done
Event: 2.804 loading class javax/xml/parsers/ParserConfigurationException
Event: 2.804 loading class javax/xml/parsers/ParserConfigurationException done
Event: 2.812 loading class java/security/KeyStoreException
Event: 2.812 loading class java/security/KeyStoreException done


Dynamic libraries:
0x00007ff72a890000 - 0x00007ff72a89e000 	c:\Users\Shreyas\.vscode\extensions\redhat.java-1.29.0-win32-x64\jre\17.0.10-win32-x86_64\bin\java.exe
0x00007ff91e1f0000 - 0x00007ff91e406000 	C:\WINDOWS\SYSTEM32\ntdll.dll
0x00007ff91d1b0000 - 0x00007ff91d274000 	C:\WINDOWS\System32\KERNEL32.DLL
0x00007ff91b580000 - 0x00007ff91b927000 	C:\WINDOWS\System32\KERNELBASE.dll
0x00007ff91ba20000 - 0x00007ff91bb31000 	C:\WINDOWS\System32\ucrtbase.dll
0x00007ff8f5b70000 - 0x00007ff8f5b87000 	c:\Users\Shreyas\.vscode\extensions\redhat.java-1.29.0-win32-x64\jre\17.0.10-win32-x86_64\bin\jli.dll
0x00007ff8f5b50000 - 0x00007ff8f5b6b000 	c:\Users\Shreyas\.vscode\extensions\redhat.java-1.29.0-win32-x64\jre\17.0.10-win32-x86_64\bin\VCRUNTIME140.dll
0x00007ff91c1c0000 - 0x00007ff91c36e000 	C:\WINDOWS\System32\USER32.dll
0x00007ff91b930000 - 0x00007ff91b956000 	C:\WINDOWS\System32\win32u.dll
0x00007ff8fe640000 - 0x00007ff8fe8d3000 	C:\WINDOWS\WinSxS\amd64_microsoft.windows.common-controls_6595b64144ccf1df_6.0.22621.3235_none_270f74e173860f98\COMCTL32.dll
0x00007ff91d280000 - 0x00007ff91d2a9000 	C:\WINDOWS\System32\GDI32.dll
0x00007ff91d470000 - 0x00007ff91d517000 	C:\WINDOWS\System32\msvcrt.dll
0x00007ff91bc60000 - 0x00007ff91bd79000 	C:\WINDOWS\System32\gdi32full.dll
0x00007ff91bbc0000 - 0x00007ff91bc5a000 	C:\WINDOWS\System32\msvcp_win.dll
0x00007ff91cbe0000 - 0x00007ff91cc11000 	C:\WINDOWS\System32\IMM32.DLL
0x00007ff8f7180000 - 0x00007ff8f718c000 	c:\Users\Shreyas\.vscode\extensions\redhat.java-1.29.0-win32-x64\jre\17.0.10-win32-x86_64\bin\vcruntime140_1.dll
0x00007ff8e25f0000 - 0x00007ff8e267d000 	c:\Users\Shreyas\.vscode\extensions\redhat.java-1.29.0-win32-x64\jre\17.0.10-win32-x86_64\bin\msvcp140.dll
0x00007ff86e150000 - 0x00007ff86edb2000 	c:\Users\Shreyas\.vscode\extensions\redhat.java-1.29.0-win32-x64\jre\17.0.10-win32-x86_64\bin\server\jvm.dll
0x00007ff91c100000 - 0x00007ff91c1b2000 	C:\WINDOWS\System32\ADVAPI32.dll
0x00007ff91bfd0000 - 0x00007ff91c078000 	C:\WINDOWS\System32\sechost.dll
0x00007ff91bd80000 - 0x00007ff91bda8000 	C:\WINDOWS\System32\bcrypt.dll
0x00007ff91d860000 - 0x00007ff91d975000 	C:\WINDOWS\System32\RPCRT4.dll
0x00007ff91ad90000 - 0x00007ff91addd000 	C:\WINDOWS\SYSTEM32\POWRPROF.dll
0x00007ff90ff90000 - 0x00007ff90ffc4000 	C:\WINDOWS\SYSTEM32\WINMM.dll
0x00007ff90fd10000 - 0x00007ff90fd1a000 	C:\WINDOWS\SYSTEM32\VERSION.dll
0x00007ff8f5940000 - 0x00007ff8f5949000 	C:\WINDOWS\SYSTEM32\WSOCK32.dll
0x00007ff91cc20000 - 0x00007ff91cc91000 	C:\WINDOWS\System32\WS2_32.dll
0x00007ff91ad70000 - 0x00007ff91ad83000 	C:\WINDOWS\SYSTEM32\UMPDC.dll
0x00007ff91a550000 - 0x00007ff91a568000 	C:\WINDOWS\SYSTEM32\kernel.appcore.dll
0x00007ff8f6f80000 - 0x00007ff8f6f8a000 	c:\Users\Shreyas\.vscode\extensions\redhat.java-1.29.0-win32-x64\jre\17.0.10-win32-x86_64\bin\jimage.dll
0x00007ff918e40000 - 0x00007ff919073000 	C:\WINDOWS\SYSTEM32\DBGHELP.DLL
0x00007ff91cca0000 - 0x00007ff91d028000 	C:\WINDOWS\System32\combase.dll
0x00007ff91d590000 - 0x00007ff91d667000 	C:\WINDOWS\System32\OLEAUT32.dll
0x00007ff8fa220000 - 0x00007ff8fa252000 	C:\WINDOWS\SYSTEM32\dbgcore.DLL
0x00007ff91bb40000 - 0x00007ff91bbb9000 	C:\WINDOWS\System32\bcryptPrimitives.dll
0x00007ff8f5b40000 - 0x00007ff8f5b4e000 	c:\Users\Shreyas\.vscode\extensions\redhat.java-1.29.0-win32-x64\jre\17.0.10-win32-x86_64\bin\instrument.dll
0x00007ff8f5ad0000 - 0x00007ff8f5af5000 	c:\Users\Shreyas\.vscode\extensions\redhat.java-1.29.0-win32-x64\jre\17.0.10-win32-x86_64\bin\java.dll
0x00007ff8f5ab0000 - 0x00007ff8f5ac8000 	c:\Users\Shreyas\.vscode\extensions\redhat.java-1.29.0-win32-x64\jre\17.0.10-win32-x86_64\bin\zip.dll
0x00007ff91c370000 - 0x00007ff91cbcc000 	C:\WINDOWS\System32\SHELL32.dll
0x00007ff919470000 - 0x00007ff919d69000 	C:\WINDOWS\SYSTEM32\windows.storage.dll
0x00007ff919330000 - 0x00007ff91946e000 	C:\WINDOWS\SYSTEM32\wintypes.dll
0x00007ff91d0b0000 - 0x00007ff91d1a3000 	C:\WINDOWS\System32\SHCORE.dll
0x00007ff91d030000 - 0x00007ff91d08e000 	C:\WINDOWS\System32\shlwapi.dll
0x00007ff91b440000 - 0x00007ff91b461000 	C:\WINDOWS\SYSTEM32\profapi.dll
0x00007ff8f5a90000 - 0x00007ff8f5aa9000 	C:\Users\Shreyas\.vscode\extensions\redhat.java-1.29.0-win32-x64\jre\17.0.10-win32-x86_64\bin\net.dll
0x00007ff912e50000 - 0x00007ff912f86000 	C:\WINDOWS\SYSTEM32\WINHTTP.dll
0x00007ff91a9c0000 - 0x00007ff91aa29000 	C:\WINDOWS\system32\mswsock.dll
0x00007ff8f4ec0000 - 0x00007ff8f4ed6000 	C:\Users\Shreyas\.vscode\extensions\redhat.java-1.29.0-win32-x64\jre\17.0.10-win32-x86_64\bin\nio.dll
0x00007ff8f5a80000 - 0x00007ff8f5a90000 	c:\Users\Shreyas\.vscode\extensions\redhat.java-1.29.0-win32-x64\jre\17.0.10-win32-x86_64\bin\verify.dll

dbghelp: loaded successfully - version: 4.0.5 - missing functions: none
symbol engine: initialized successfully - sym options: 0x614 - pdb path: .;c:\Users\Shreyas\.vscode\extensions\redhat.java-1.29.0-win32-x64\jre\17.0.10-win32-x86_64\bin;C:\WINDOWS\SYSTEM32;C:\WINDOWS\WinSxS\amd64_microsoft.windows.common-controls_6595b64144ccf1df_6.0.22621.3235_none_270f74e173860f98;c:\Users\Shreyas\.vscode\extensions\redhat.java-1.29.0-win32-x64\jre\17.0.10-win32-x86_64\bin\server

VM Arguments:
jvm_args: --add-modules=ALL-SYSTEM --add-opens=java.base/java.util=ALL-UNNAMED --add-opens=java.base/java.lang=ALL-UNNAMED --add-opens=java.base/sun.nio.fs=ALL-UNNAMED -Declipse.application=org.eclipse.jdt.ls.core.id1 -Dosgi.bundles.defaultStartLevel=4 -Declipse.product=org.eclipse.jdt.ls.core.product -Djava.import.generatesMetadataFilesAtProjectRoot=false -DDetectVMInstallationsJob.disabled=true -Dfile.encoding=utf8 -XX:+UseParallelGC -XX:GCTimeRatio=4 -XX:AdaptiveSizePolicyWeight=90 -Dsun.zip.disableMemoryMapping=true -Xmx1G -Xms100m -Xlog:disable -javaagent:c:\Users\Shreyas\.vscode\extensions\redhat.java-1.29.0-win32-x64\lombok\lombok-1.18.32.jar -XX:+HeapDumpOnOutOfMemoryError -XX:HeapDumpPath=c:\Users\Shreyas\AppData\Roaming\Code\User\workspaceStorage\1c0bf51968b0f430988c3dc85523d985\redhat.java -Daether.dependencyCollector.impl=bf 
java_command: c:\Users\Shreyas\.vscode\extensions\redhat.java-1.29.0-win32-x64\server\plugins\org.eclipse.equinox.launcher_1.6.800.v20240304-1850.jar -configuration c:\Users\Shreyas\AppData\Roaming\Code\User\globalStorage\redhat.java\1.29.0\config_win -data c:\Users\Shreyas\AppData\Roaming\Code\User\workspaceStorage\1c0bf51968b0f430988c3dc85523d985\redhat.java\jdt_ws --stdio
java_class_path (initial): c:\Users\Shreyas\.vscode\extensions\redhat.java-1.29.0-win32-x64\server\plugins\org.eclipse.equinox.launcher_1.6.800.v20240304-1850.jar
Launcher Type: SUN_STANDARD

[Global flags]
    uintx AdaptiveSizePolicyWeight                 = 90                                        {product} {command line}
     intx CICompilerCount                          = 4                                         {product} {ergonomic}
    uintx GCTimeRatio                              = 4                                         {product} {command line}
     bool HeapDumpOnOutOfMemoryError               = true                                   {manageable} {command line}
    ccstr HeapDumpPath                             = c:\Users\Shreyas\AppData\Roaming\Code\User\workspaceStorage\1c0bf51968b0f430988c3dc85523d985\redhat.java         {manageable} {command line}
   size_t InitialHeapSize                          = 104857600                                 {product} {command line}
   size_t MaxHeapSize                              = 1073741824                                {product} {command line}
   size_t MaxNewSize                               = 357564416                                 {product} {ergonomic}
   size_t MinHeapDeltaBytes                        = 524288                                    {product} {ergonomic}
   size_t MinHeapSize                              = 104857600                                 {product} {command line}
   size_t NewSize                                  = 34603008                                  {product} {ergonomic}
    uintx NonNMethodCodeHeapSize                   = 5839372                                {pd product} {ergonomic}
    uintx NonProfiledCodeHeapSize                  = 122909434                              {pd product} {ergonomic}
   size_t OldSize                                  = 70254592                                  {product} {ergonomic}
    uintx ProfiledCodeHeapSize                     = 122909434                              {pd product} {ergonomic}
    uintx ReservedCodeCacheSize                    = 251658240                              {pd product} {ergonomic}
     bool SegmentedCodeCache                       = true                                      {product} {ergonomic}
   size_t SoftMaxHeapSize                          = 1073741824                             {manageable} {ergonomic}
     bool UseCompressedClassPointers               = true                           {product lp64_product} {ergonomic}
     bool UseCompressedOops                        = true                           {product lp64_product} {ergonomic}
     bool UseLargePagesIndividualAllocation        = false                                  {pd product} {ergonomic}
     bool UseParallelGC                            = true                                      {product} {command line}

Logging:
Log output configuration:
 #0: stdout all=off uptime,level,tags
 #1: stderr all=off uptime,level,tags

Environment Variables:
PATH=C:\ProgramData\Oracle\Java\javapath;C:\Program Files\Common Files\Oracle\Java\javapath;C:\WINDOWS\system32;C:\WINDOWS;C:\WINDOWS\System32\Wbem;C:\WINDOWS\System32\WindowsPowerShell\v1.0\;C:\WINDOWS\System32\OpenSSH\;C:\MinGW\bin;C:\Users\Shreyas\Downloads\flutter_windows_3.16.8-stable\flutter\bin;C:\Users\Shreyas\AppData\Local\Android\Sdk;C:\Users\Shreyas\AppData\Local\Android\Sdk\platform-tools;C:\Program Files (x86)\Windows Kits\10\Windows Performance Toolkit\;C:\Users\Shreyas\Downloads\flutter_windows_3.16.8-stable.zip\flutter\bin;C:\Users\Shreyas\jdk-20_windows-x64_bin\jdk-20.0.2\bin;C:\Program Files\Git\cmd;C:\Users\Shreyas\AppData\Local\Android\Sdk\emulator;C:\Users\Shreyas\AppData\Local\Android\Sdk\tools\bin;C:\Users\Shreyas\.gradle;C:\Program Files\dotnet\;C:\Users\Shreyas\AppData\Local\Programs\Microsoft VS Code\bin;C:\Users\Shreyas\Downloads\flutter_windows_3.16.8-stable\flutter\bin;C:\Users\Shreyas\AppData\Local\Android\Sdk;C:\Users\Shreyas\AppData\Local\Android\Sdk\platform-tools;C:\Users\Shreyas\AppData\Local\Android\Sdk\emulator;C:\Users\Shreyas\AppData\Local\Android\Sdk\tools;C:\Users\Shreyas\AppData\Local\Android\Sdk\tools\bin;C:\Users\Shreyas\Downloads\flutter_windows_3.16.8-stable.zip\flutter\bin;C:\Users\Shreyas\Downloads\flutter_windows_3.16.8-stable\flutter\bin\cache\dart-sdk\bin;C:\Users\Shreyas\jdk-20_windows-x64_bin\jdk-20.0.2\bin;C:\Users\Shreyas\Downloads\gradle-8.5-bin.zip\gradle-8.5\bin;
USERNAME=Shreyas
OS=Windows_NT
PROCESSOR_IDENTIFIER=Intel64 Family 6 Model 140 Stepping 1, GenuineIntel
TMP=C:\Users\Shreyas\AppData\Local\Temp
TEMP=C:\Users\Shreyas\AppData\Local\Temp



Periodic native trim disabled


---------------  S Y S T E M  ---------------

OS:
 Windows 11 , 64 bit Build 22621 (10.0.22621.3374)
OS uptime: 0 days 0:16 hours

CPU: total 8 (initial active 8) (4 cores per cpu, 2 threads per core) family 6 model 140 stepping 1 microcode 0xb4, cx8, cmov, fxsr, ht, mmx, 3dnowpref, sse, sse2, sse3, ssse3, sse4.1, sse4.2, popcnt, lzcnt, tsc, tscinvbit, avx, avx2, aes, erms, clmul, bmi1, bmi2, adx, avx512f, avx512dq, avx512cd, avx512bw, avx512vl, sha, fma, vzeroupper, avx512_vpopcntdq, avx512_vpclmulqdq, avx512_vaes, avx512_vnni, clflush, clflushopt, clwb, avx512_vbmi2, avx512_vbmi
Processor Information for all 8 processors :
  Max Mhz: 2001, Current Mhz: 2000, Mhz Limit: 1980

Memory: 4k page, system-wide physical 7834M (627M free)
TotalPageFile size 12807M (AvailPageFile size 2M)
current process WorkingSet (physical memory assigned to process): 83M, peak: 83M
current process commit charge ("private bytes"): 204M, peak: 204M

vm_info: OpenJDK 64-Bit Server VM (17.0.10+7) for windows-amd64 JRE (17.0.10+7), built on Jan 16 2024 23:25:11 by "admin" with MS VC++ 16.10 / 16.11 (VS2019)

END.
