#
# There is insufficient memory for the Java Runtime Environment to continue.
# Native memory allocation (mmap) failed to map 65536 bytes for Failed to commit metaspace.
# Possible reasons:
#   The system is out of physical RAM or swap space
#   The process is running with CompressedOops enabled, and the Java Heap may be blocking the growth of the native heap
# Possible solutions:
#   Reduce memory load on the system
#   Increase physical memory or swap space
#   Check if swap backing store is full
#   Decrease Java heap size (-Xmx/-Xms)
#   Decrease number of Java threads
#   Decrease Java thread stack sizes (-Xss)
#   Set larger code cache with -XX:ReservedCodeCacheSize=
#   JVM is running with Unscaled Compressed Oops mode in which the Java heap is
#     placed in the first 4GB address space. The Java Heap base address is the
#     maximum limit for the native heap growth. Please use -XX:HeapBaseMinAddress
#     to set the Java Heap base and to place the Java Heap above 4GB virtual address.
# This output file may be truncated or incomplete.
#
#  Out of Memory Error (virtualSpaceNode.cpp:110), pid=6752, tid=1132
#
# JRE version: OpenJDK Runtime Environment Temurin-17.0.10+7 (17.0.10+7) (build 17.0.10+7)
# Java VM: OpenJDK 64-Bit Server VM Temurin-17.0.10+7 (17.0.10+7, mixed mode, tiered, compressed oops, compressed class ptrs, parallel gc, windows-amd64)
# No core dump will be written. Minidumps are not enabled by default on client versions of Windows
#

---------------  S U M M A R Y ------------

Command Line: --add-modules=ALL-SYSTEM --add-opens=java.base/java.util=ALL-UNNAMED --add-opens=java.base/java.lang=ALL-UNNAMED --add-opens=java.base/sun.nio.fs=ALL-UNNAMED -Declipse.application=org.eclipse.jdt.ls.core.id1 -Dosgi.bundles.defaultStartLevel=4 -Declipse.product=org.eclipse.jdt.ls.core.product -Djava.import.generatesMetadataFilesAtProjectRoot=false -DDetectVMInstallationsJob.disabled=true -Dfile.encoding=utf8 -XX:+UseParallelGC -XX:GCTimeRatio=4 -XX:AdaptiveSizePolicyWeight=90 -Dsun.zip.disableMemoryMapping=true -Xmx1G -Xms100m -Xlog:disable -javaagent:c:\Users\Shreyas\.vscode\extensions\redhat.java-1.29.0-win32-x64\lombok\lombok-1.18.32.jar -XX:+HeapDumpOnOutOfMemoryError -XX:HeapDumpPath=c:\Users\Shreyas\AppData\Roaming\Code\User\workspaceStorage\1c0bf51968b0f430988c3dc85523d985\redhat.java -Daether.dependencyCollector.impl=bf c:\Users\Shreyas\.vscode\extensions\redhat.java-1.29.0-win32-x64\server\plugins\org.eclipse.equinox.launcher_1.6.800.v20240304-1850.jar -configuration c:\Users\Shreyas\AppData\Roaming\Code\User\globalStorage\redhat.java\1.29.0\config_win -data c:\Users\Shreyas\AppData\Roaming\Code\User\workspaceStorage\1c0bf51968b0f430988c3dc85523d985\redhat.java\jdt_ws --stdio

Host: 11th Gen Intel(R) Core(TM) i3-1125G4 @ 2.00GHz, 8 cores, 7G,  Windows 11 , 64 bit Build 22621 (10.0.22621.3374)
Time: Mon Apr 22 14:02:29 2024 India Standard Time elapsed time: 2.039624 seconds (0d 0h 0m 2s)

---------------  T H R E A D  ---------------

Current thread (0x00000221564b1b80):  JavaThread "main" [_thread_in_vm, id=1132, stack(0x000000eae5f00000,0x000000eae6000000)]

Stack: [0x000000eae5f00000,0x000000eae6000000]
Native frames: (J=compiled Java code, j=interpreted, Vv=VM code, C=native code)
V  [jvm.dll+0x67d2c9]
V  [jvm.dll+0x834afa]
V  [jvm.dll+0x8365be]
V  [jvm.dll+0x836c23]
V  [jvm.dll+0x2477ff]
V  [jvm.dll+0x8307bb]
V  [jvm.dll+0x621d16]
V  [jvm.dll+0x621d7a]
V  [jvm.dll+0x6245aa]
V  [jvm.dll+0x6226b6]
V  [jvm.dll+0x62c5a7]
V  [jvm.dll+0x1eb80b]
V  [jvm.dll+0x1ebd45]
V  [jvm.dll+0x1ec800]
V  [jvm.dll+0x1e1c01]
V  [jvm.dll+0x5427ce]
V  [jvm.dll+0x1f2647]
V  [jvm.dll+0x7adf9b]
V  [jvm.dll+0x7af36c]
V  [jvm.dll+0x7af6b8]
V  [jvm.dll+0x23face]
V  [jvm.dll+0x23fd1f]
V  [jvm.dll+0x5609e3]
V  [jvm.dll+0x562e94]
V  [jvm.dll+0x38621b]
V  [jvm.dll+0x385cd2]
C  0x000002216068867f

The last pc belongs to getstatic (printed below).
Java frames: (J=compiled Java code, j=interpreted, Vv=VM code)
j  sun.nio.cs.UTF_8$Decoder.xflow(Ljava/nio/Buffer;IILjava/nio/Buffer;II)Ljava/nio/charset/CoderResult;+21 java.base@17.0.10
j  sun.nio.cs.UTF_8$Decoder.decodeArrayLoop(Ljava/nio/ByteBuffer;Ljava/nio/CharBuffer;)Ljava/nio/charset/CoderResult;+684 java.base@17.0.10
j  sun.nio.cs.UTF_8$Decoder.decodeLoop(Ljava/nio/ByteBuffer;Ljava/nio/CharBuffer;)Ljava/nio/charset/CoderResult;+17 java.base@17.0.10
j  java.nio.charset.CharsetDecoder.decode(Ljava/nio/ByteBuffer;Ljava/nio/CharBuffer;Z)Ljava/nio/charset/CoderResult;+57 java.base@17.0.10
j  sun.nio.cs.StreamDecoder.implRead([CII)I+61 java.base@17.0.10
j  sun.nio.cs.StreamDecoder.read([CII)I+180 java.base@17.0.10
j  java.io.InputStreamReader.read([CII)I+7 java.base@17.0.10
j  java.io.BufferedReader.fill()V+145 java.base@17.0.10
j  java.io.BufferedReader.readLine(Z[Z)Ljava/lang/String;+52 java.base@17.0.10
j  java.io.BufferedReader.readLine()Ljava/lang/String;+3 java.base@17.0.10
j  org.eclipse.osgi.internal.framework.AliasMapper.initAliases(Ljava/io/InputStream;Ljava/util/Map;Ljava/util/Map;)Ljava/util/Map;+29
j  org.eclipse.osgi.internal.framework.AliasMapper.getTables(Ljava/lang/String;Ljava/util/Map;Ljava/util/Map;)V+14
j  org.eclipse.osgi.internal.framework.AliasMapper.<clinit>()V+48
v  ~StubRoutines::call_stub
j  org.eclipse.osgi.internal.framework.EquinoxConfiguration.<init>(Ljava/util/Map;Lorg/eclipse/osgi/internal/hookregistry/HookRegistry;)V+5
j  org.eclipse.osgi.internal.framework.EquinoxContainer.<init>(Ljava/util/Map;Lorg/osgi/framework/connect/ModuleConnector;)V+82
j  org.eclipse.osgi.launch.Equinox.<init>(Ljava/util/Map;Lorg/osgi/framework/connect/ModuleConnector;)V+10
j  org.eclipse.osgi.launch.Equinox.<init>(Ljava/util/Map;)V+3
j  org.eclipse.core.runtime.adaptor.EclipseStarter.startup([Ljava/lang/String;Ljava/lang/Runnable;)Lorg/osgi/framework/BundleContext;+28
j  org.eclipse.core.runtime.adaptor.EclipseStarter.run([Ljava/lang/String;Ljava/lang/Runnable;)Ljava/lang/Object;+21
v  ~StubRoutines::call_stub
j  jdk.internal.reflect.NativeMethodAccessorImpl.invoke0(Ljava/lang/reflect/Method;Ljava/lang/Object;[Ljava/lang/Object;)Ljava/lang/Object;+0 java.base@17.0.10
j  jdk.internal.reflect.NativeMethodAccessorImpl.invoke(Ljava/lang/Object;[Ljava/lang/Object;)Ljava/lang/Object;+133 java.base@17.0.10
j  jdk.internal.reflect.DelegatingMethodAccessorImpl.invoke(Ljava/lang/Object;[Ljava/lang/Object;)Ljava/lang/Object;+6 java.base@17.0.10
j  java.lang.reflect.Method.invoke(Ljava/lang/Object;[Ljava/lang/Object;)Ljava/lang/Object;+59 java.base@17.0.10
j  org.eclipse.equinox.launcher.Main.invokeFramework([Ljava/lang/String;[Ljava/net/URL;)V+202
j  org.eclipse.equinox.launcher.Main.basicRun([Ljava/lang/String;)V+159
j  org.eclipse.equinox.launcher.Main.run([Ljava/lang/String;)I+4
j  org.eclipse.equinox.launcher.Main.main([Ljava/lang/String;)V+10
v  ~StubRoutines::call_stub
getstatic  178 getstatic  [0x00000221606885e0, 0x00000221606887e0]  512 bytes
[MachCode]
  0x00000221606885e0: 4883 ec08 | c5fa 1104 | 24eb 1f48 | 83ec 10c5 | fb11 0424 | eb14 4883 | ec10 4889 | 0424 48c7 
  0x0000022160688600: 4424 0800 | 0000 00eb | 0150 410f | b755 0148 | 8b4d d0c1 | e202 8b5c | d120 c1eb | 1081 e3ff 
  0x0000022160688620: 0000 0081 | fbb2 0000 | 000f 84b6 | 0000 00bb | b200 0000 | e805 0000 | 00e9 9b00 | 0000 488b 
  0x0000022160688640: d348 8d44 | 2408 4c89 | 6dc0 498b | cfc5 f877 | 4989 afa8 | 0200 0049 | 8987 9802 | 0000 4883 
  0x0000022160688660: ec20 f7c4 | 0f00 0000 | 0f84 1a00 | 0000 4883 | ec08 49ba | 705c 4d6e | f87f 0000 | 41ff d248 
  0x0000022160688680: 83c4 08e9 | 0d00 0000 | 49ba 705c | 4d6e f87f | 0000 41ff | d248 83c4 | 2049 c787 | 9802 0000 
  0x00000221606886a0: 0000 0000 | 49c7 87a8 | 0200 0000 | 0000 0049 | c787 a002 | 0000 0000 | 0000 c5f8 | 7749 817f 
  0x00000221606886c0: 0800 0000 | 000f 8405 | 0000 00e9 | 3088 feff | 4c8b 6dc0 | 4c8b 75c8 | c341 0fb7 | 5501 488b 
  0x00000221606886e0: 4dd0 c1e2 | 0248 8b5c | d130 8b44 | d138 4c8b | 4cd1 284d | 8b49 704d | 8b09 c1e8 | 1c83 e00f 
  0x0000022160688700: 0f85 0b00 | 0000 410f | be04 1950 | e9b1 0000 | 0083 f801 | 0f85 0b00 | 0000 410f | b604 1950 
  0x0000022160688720: e99d 0000 | 0083 f808 | 0f85 0a00 | 0000 418b | 0419 50e9 | 8a00 0000 | 83f8 040f | 850a 0000 
  0x0000022160688740: 0041 8b04 | 1950 e977 | 0000 0083 | f802 0f85 | 0b00 0000 | 410f b704 | 1950 e963 | 0000 0083 
  0x0000022160688760: f803 0f85 | 0b00 0000 | 410f bf04 | 1950 e94f | 0000 0083 | f805 0f85 | 1a00 0000 | 498b 0419 
  0x0000022160688780: 4883 ec10 | 4889 0424 | 48c7 4424 | 0800 0000 | 00e9 2c00 | 0000 83f8 | 060f 8514 | 0000 00c4 
  0x00000221606887a0: c17a 1004 | 1948 83ec | 08c5 fa11 | 0424 e90f | 0000 00c4 | c17b 1004 | 1948 83ec | 10c5 fb11 
  0x00000221606887c0: 0424 410f | b65d 0349 | 83c5 0349 | ba90 a9cf | 6ef8 7f00 | 0041 ff24 | da0f 1f80 | 0000 0000 
[/MachCode]

---------------  P R O C E S S  ---------------

Threads class SMR info:
_java_thread_list=0x0000022170c6abb0, length=13, elements={
0x00000221564b1b80, 0x000002216a339010, 0x000002216a3399e0, 0x000002216f397f20,
0x000002216f3988f0, 0x000002216f3993c0, 0x000002216f399e90, 0x000002216f39cc50,
0x000002216f3ba8d0, 0x000002216f4025b0, 0x000002216f47ffe0, 0x000002216f6a73f0,
0x0000022170731f30
}

Java Threads: ( => current thread )
=>0x00000221564b1b80 JavaThread "main" [_thread_in_vm, id=1132, stack(0x000000eae5f00000,0x000000eae6000000)]
  0x000002216a339010 JavaThread "Reference Handler" daemon [_thread_blocked, id=1344, stack(0x000000eae6200000,0x000000eae6300000)]
  0x000002216a3399e0 JavaThread "Finalizer" daemon [_thread_blocked, id=10960, stack(0x000000eae6300000,0x000000eae6400000)]
  0x000002216f397f20 JavaThread "Signal Dispatcher" daemon [_thread_blocked, id=13468, stack(0x000000eae6400000,0x000000eae6500000)]
  0x000002216f3988f0 JavaThread "Attach Listener" daemon [_thread_blocked, id=8288, stack(0x000000eae6500000,0x000000eae6600000)]
  0x000002216f3993c0 JavaThread "Service Thread" daemon [_thread_blocked, id=16092, stack(0x000000eae6600000,0x000000eae6700000)]
  0x000002216f399e90 JavaThread "Monitor Deflation Thread" daemon [_thread_blocked, id=21316, stack(0x000000eae6700000,0x000000eae6800000)]
  0x000002216f39cc50 JavaThread "C2 CompilerThread0" daemon [_thread_blocked, id=16100, stack(0x000000eae6800000,0x000000eae6900000)]
  0x000002216f3ba8d0 JavaThread "C1 CompilerThread0" daemon [_thread_blocked, id=3184, stack(0x000000eae6900000,0x000000eae6a00000)]
  0x000002216f4025b0 JavaThread "Sweeper thread" daemon [_thread_blocked, id=11268, stack(0x000000eae6a00000,0x000000eae6b00000)]
  0x000002216f47ffe0 JavaThread "Common-Cleaner" daemon [_thread_blocked, id=1200, stack(0x000000eae6b00000,0x000000eae6c00000)]
  0x000002216f6a73f0 JavaThread "Notification Thread" daemon [_thread_blocked, id=23536, stack(0x000000eae6c00000,0x000000eae6d00000)]
  0x0000022170731f30 JavaThread "C2 CompilerThread1" daemon [_thread_blocked, id=3740, stack(0x000000eae6e00000,0x000000eae6f00000)]

Other Threads:
  0x000002216f3714b0 VMThread "VM Thread" [stack: 0x000000eae6100000,0x000000eae6200000] [id=10020]
  0x000002216f6a78d0 WatcherThread [stack: 0x000000eae6d00000,0x000000eae6e00000] [id=22436]
  0x00000221564c5e50 GCTaskThread "GC Thread#0" [stack: 0x000000eae6000000,0x000000eae6100000] [id=16280]

Threads with active compile tasks:

VM state: not at safepoint (normal execution)

VM Mutex/Monitor currently owned by a thread:  ([mutex/lock_event])
[0x00000221564acb70] Metaspace_lock - owner thread: 0x00000221564b1b80

Heap address: 0x00000000c0000000, size: 1024 MB, Compressed Oops mode: 32-bit

CDS archive(s) not mapped
Compressed class space mapped at: 0x0000000100000000-0x0000000140000000, reserved size: 1073741824
Narrow klass base: 0x0000000000000000, Narrow klass shift: 3, Narrow klass range: 0x140000000

GC Precious Log:
 CPUs: 8 total, 8 available
 Memory: 7834M
 Large Page Support: Disabled
 NUMA Support: Disabled
 Compressed Oops: Enabled (32-bit)
 Alignments: Space 512K, Generation 512K, Heap 2M
 Heap Min Capacity: 100M
 Heap Initial Capacity: 100M
 Heap Max Capacity: 1G
 Pre-touch: Disabled
 Parallel Workers: 8

Heap:
 PSYoungGen      total 29696K, used 21776K [0x00000000eab00000, 0x00000000ecc00000, 0x0000000100000000)
  eden space 25600K, 85% used [0x00000000eab00000,0x00000000ec044240,0x00000000ec400000)
  from space 4096K, 0% used [0x00000000ec800000,0x00000000ec800000,0x00000000ecc00000)
  to   space 4096K, 0% used [0x00000000ec400000,0x00000000ec400000,0x00000000ec800000)
 ParOldGen       total 68608K, used 0K [0x00000000c0000000, 0x00000000c4300000, 0x00000000eab00000)
  object space 68608K, 0% used [0x00000000c0000000,0x00000000c0000000,0x00000000c4300000)
 Metaspace       used 10053K, committed 10176K, reserved 1114112K
  class space    used 1003K, committed 1088K, reserved 1048576K

Card table byte_map: [0x0000022155e40000,0x0000022156050000] _byte_map_base: 0x0000022155840000

Marking Bits: (ParMarkBitMap*) 0x00007ff86eced7d0
 Begin Bits: [0x0000022168140000, 0x0000022169140000)
 End Bits:   [0x0000022169140000, 0x000002216a140000)

Polling page: 0x00000221543e0000

Metaspace:

Usage:
  Non-class:      8.84 MB used.
      Class:   1003.01 KB used.
       Both:      9.82 MB used.

Virtual space:
  Non-class space:       64.00 MB reserved,       8.88 MB ( 14%) committed,  1 nodes.
      Class space:        1.00 GB reserved,       1.06 MB ( <1%) committed,  1 nodes.
             Both:        1.06 GB reserved,       9.94 MB ( <1%) committed. 

Chunk freelists:
   Non-Class:  6.70 MB
       Class:  14.99 MB
        Both:  21.70 MB

MaxMetaspaceSize: unlimited
CompressedClassSpaceSize: 1.00 GB
Initial GC threshold: 21.00 MB
Current GC threshold: 21.00 MB
CDS: off
MetaspaceReclaimPolicy: balanced
 - commit_granule_bytes: 65536.
 - commit_granule_words: 8192.
 - virtual_space_node_default_size: 8388608.
 - enlarge_chunks_in_place: 1.
 - new_chunks_are_fully_committed: 0.
 - uncommit_free_chunks: 1.
 - use_allocation_guard: 0.
 - handle_deallocations: 1.


Internal statistics:

num_allocs_failed_limit: 0.
num_arena_births: 14.
num_arena_deaths: 0.
num_vsnodes_births: 2.
num_vsnodes_deaths: 0.
num_space_committed: 159.
num_space_uncommitted: 0.
num_chunks_returned_to_freelist: 0.
num_chunks_taken_from_freelist: 68.
num_chunk_merges: 0.
num_chunk_splits: 40.
num_chunks_enlarged: 31.
num_inconsistent_stats: 0.

CodeHeap 'non-profiled nmethods': size=120000Kb used=369Kb max_used=369Kb free=119631Kb
 bounds [0x0000022160c10000, 0x0000022160e80000, 0x0000022168140000]
CodeHeap 'profiled nmethods': size=120000Kb used=1375Kb max_used=1375Kb free=118624Kb
 bounds [0x0000022159140000, 0x00000221593b0000, 0x0000022160670000]
CodeHeap 'non-nmethods': size=5760Kb used=1147Kb max_used=1181Kb free=4612Kb
 bounds [0x0000022160670000, 0x00000221608e0000, 0x0000022160c10000]
 total_blobs=1246 nmethods=821 adapters=340
 compilation: enabled
              stopped_count=0, restarted_count=0
 full_count=0

Compilation events (20 events):
Event: 2.004 Thread 0x000002216f3ba8d0 nmethod 812 0x0000022160c6a690 code [0x0000022160c6a820, 0x0000022160c6a8f8]
Event: 2.005 Thread 0x000002216f3ba8d0  813 %     3       java.math.BigInteger::implMultiplyToLen @ 135 (216 bytes)
Event: 2.006 Thread 0x000002216f3ba8d0 nmethod 813% 0x0000022159294790 code [0x0000022159294980, 0x0000022159295038]
Event: 2.007 Thread 0x000002216f3ba8d0  814       1       sun.security.x509.X509AttributeName::getSuffix (5 bytes)
Event: 2.007 Thread 0x000002216f3ba8d0 nmethod 814 0x0000022160c6a990 code [0x0000022160c6ab20, 0x0000022160c6abf8]
Event: 2.007 Thread 0x000002216f3ba8d0  815       1       sun.security.x509.X509AttributeName::getPrefix (5 bytes)
Event: 2.007 Thread 0x000002216f3ba8d0 nmethod 815 0x0000022160c6ac90 code [0x0000022160c6ae20, 0x0000022160c6aef8]
Event: 2.008 Thread 0x0000022170731f30  816 %     4       sun.security.provider.SHA5::implCompress0 @ 157 (346 bytes)
Event: 2.018 Thread 0x000002216f3ba8d0  817       3       sun.security.provider.DigestBase::implCompressMultiBlock0 (23 bytes)
Event: 2.018 Thread 0x000002216f3ba8d0 nmethod 817 0x0000022159295490 code [0x0000022159295640, 0x00000221592958e8]
Event: 2.026 Thread 0x000002216f3ba8d0  818       3       java.math.BigInteger::implMultiplyToLen (216 bytes)
Event: 2.027 Thread 0x000002216f3ba8d0 nmethod 818 0x0000022159295a10 code [0x0000022159295c00, 0x00000221592961d8]
Event: 2.029 Thread 0x000002216f3ba8d0  819       3       java.math.BigInteger::montReduce (99 bytes)
Event: 2.029 Thread 0x0000022170731f30 nmethod 816% 0x0000022160c6af90 code [0x0000022160c6b120, 0x0000022160c6bbb8]
Event: 2.030 Thread 0x000002216f3ba8d0 nmethod 819 0x0000022159296590 code [0x0000022159296780, 0x0000022159296c48]
Event: 2.030 Thread 0x000002216f3ba8d0  820       3       sun.security.util.ObjectIdentifier::equals (33 bytes)
Event: 2.031 Thread 0x000002216f3ba8d0 nmethod 820 0x0000022159296e90 code [0x0000022159297060, 0x0000022159297448]
Event: 2.031 Thread 0x000002216f3ba8d0  821       3       java.util.regex.Pattern$SliceI::match (96 bytes)
Event: 2.031 Thread 0x000002216f3ba8d0 nmethod 821 0x0000022159297510 code [0x0000022159297700, 0x0000022159297d58]
Event: 2.032 Thread 0x0000022170731f30  822       4       java.lang.String::startsWith (138 bytes)

GC Heap History (0 events):
No events

Dll operation events (8 events):
Event: 0.026 Loaded shared library c:\Users\Shreyas\.vscode\extensions\redhat.java-1.29.0-win32-x64\jre\17.0.10-win32-x86_64\bin\java.dll
Event: 0.427 Loaded shared library c:\Users\Shreyas\.vscode\extensions\redhat.java-1.29.0-win32-x64\jre\17.0.10-win32-x86_64\bin\zip.dll
Event: 0.432 Loaded shared library C:\Users\Shreyas\.vscode\extensions\redhat.java-1.29.0-win32-x64\jre\17.0.10-win32-x86_64\bin\instrument.dll
Event: 0.525 Loaded shared library C:\Users\Shreyas\.vscode\extensions\redhat.java-1.29.0-win32-x64\jre\17.0.10-win32-x86_64\bin\net.dll
Event: 0.534 Loaded shared library C:\Users\Shreyas\.vscode\extensions\redhat.java-1.29.0-win32-x64\jre\17.0.10-win32-x86_64\bin\nio.dll
Event: 0.545 Loaded shared library C:\Users\Shreyas\.vscode\extensions\redhat.java-1.29.0-win32-x64\jre\17.0.10-win32-x86_64\bin\zip.dll
Event: 0.600 Loaded shared library C:\Users\Shreyas\.vscode\extensions\redhat.java-1.29.0-win32-x64\jre\17.0.10-win32-x86_64\bin\jimage.dll
Event: 0.813 Loaded shared library c:\Users\Shreyas\.vscode\extensions\redhat.java-1.29.0-win32-x64\jre\17.0.10-win32-x86_64\bin\verify.dll

Deoptimization events (20 events):
Event: 1.997 Thread 0x00000221564b1b80 DEOPT PACKING pc=0x0000022160c51c98 sp=0x000000eae5ffd540
Event: 1.997 Thread 0x00000221564b1b80 DEOPT UNPACKING pc=0x00000221606c9ea3 sp=0x000000eae5ffd510 mode 2
Event: 2.002 Thread 0x00000221564b1b80 Uncommon trap: trap_request=0xffffffc6 fr.pc=0x0000022160c59448 relative=0x0000000000000288
Event: 2.002 Thread 0x00000221564b1b80 Uncommon trap: reason=bimorphic_or_optimized_type_check action=maybe_recompile pc=0x0000022160c59448 method=java.util.HashMap.getNode(Ljava/lang/Object;)Ljava/util/HashMap$Node; @ 128 c2
Event: 2.002 Thread 0x00000221564b1b80 DEOPT PACKING pc=0x0000022160c59448 sp=0x000000eae5ffd1a0
Event: 2.002 Thread 0x00000221564b1b80 DEOPT UNPACKING pc=0x00000221606c9ea3 sp=0x000000eae5ffd128 mode 2
Event: 2.009 Thread 0x00000221564b1b80 DEOPT PACKING pc=0x000002215925dc09 sp=0x000000eae5ffd200
Event: 2.009 Thread 0x00000221564b1b80 DEOPT UNPACKING pc=0x00000221606ca9e3 sp=0x000000eae5ffc688 mode 0
Event: 2.009 Thread 0x00000221564b1b80 DEOPT PACKING pc=0x000002215925dc09 sp=0x000000eae5ffd200
Event: 2.009 Thread 0x00000221564b1b80 DEOPT UNPACKING pc=0x00000221606ca9e3 sp=0x000000eae5ffc688 mode 0
Event: 2.009 Thread 0x00000221564b1b80 DEOPT PACKING pc=0x000002215925dc09 sp=0x000000eae5ffd200
Event: 2.009 Thread 0x00000221564b1b80 DEOPT UNPACKING pc=0x00000221606ca9e3 sp=0x000000eae5ffc688 mode 0
Event: 2.010 Thread 0x00000221564b1b80 DEOPT PACKING pc=0x000002215925dc09 sp=0x000000eae5ffd200
Event: 2.010 Thread 0x00000221564b1b80 DEOPT UNPACKING pc=0x00000221606ca9e3 sp=0x000000eae5ffc688 mode 0
Event: 2.023 Thread 0x00000221564b1b80 DEOPT PACKING pc=0x000002215925dc09 sp=0x000000eae5ffd200
Event: 2.024 Thread 0x00000221564b1b80 DEOPT UNPACKING pc=0x00000221606ca9e3 sp=0x000000eae5ffc688 mode 0
Event: 2.025 Thread 0x00000221564b1b80 DEOPT PACKING pc=0x000002215925dc09 sp=0x000000eae5ffd200
Event: 2.025 Thread 0x00000221564b1b80 DEOPT UNPACKING pc=0x00000221606ca9e3 sp=0x000000eae5ffc688 mode 0
Event: 2.025 Thread 0x00000221564b1b80 DEOPT PACKING pc=0x000002215925dc09 sp=0x000000eae5ffd200
Event: 2.025 Thread 0x00000221564b1b80 DEOPT UNPACKING pc=0x00000221606ca9e3 sp=0x000000eae5ffc688 mode 0

Classes unloaded (0 events):
No events

Classes redefined (0 events):
No events

Internal exceptions (9 events):
Event: 0.366 Thread 0x00000221564b1b80 Exception <a 'java/lang/NoSuchMethodError'{0x00000000eacb5548}: 'void java.lang.invoke.DirectMethodHandle$Holder.invokeStatic(java.lang.Object, java.lang.Object, java.lang.Object)'> (0x00000000eacb5548) 
thrown [s\src\hotspot\share\interpreter\linkResolver.cpp, line 759]
Event: 0.876 Thread 0x00000221564b1b80 Exception <a 'java/lang/reflect/InvocationTargetException'{0x00000000eafd7d98}> (0x00000000eafd7d98) 
thrown [s\src\hotspot\share\runtime\reflection.cpp, line 1121]
Event: 1.617 Thread 0x00000221564b1b80 Exception <a 'java/lang/ClassNotFoundException'{0x00000000eb859db0}: sun/net/www/protocol/c/Handler> (0x00000000eb859db0) 
thrown [s\src\hotspot\share\classfile\systemDictionary.cpp, line 256]
Event: 1.627 Thread 0x00000221564b1b80 Exception <a 'java/io/FileNotFoundException'{0x00000000eb875610}> (0x00000000eb875610) 
thrown [s\src\hotspot\share\prims\jni.cpp, line 516]
Event: 1.628 Thread 0x00000221564b1b80 Exception <a 'java/io/FileNotFoundException'{0x00000000eb876330}> (0x00000000eb876330) 
thrown [s\src\hotspot\share\prims\jni.cpp, line 516]
Event: 1.628 Thread 0x00000221564b1b80 Exception <a 'java/io/FileNotFoundException'{0x00000000eb877030}> (0x00000000eb877030) 
thrown [s\src\hotspot\share\prims\jni.cpp, line 516]
Event: 1.628 Thread 0x00000221564b1b80 Exception <a 'java/io/FileNotFoundException'{0x00000000eb877d10}> (0x00000000eb877d10) 
thrown [s\src\hotspot\share\prims\jni.cpp, line 516]
Event: 1.647 Thread 0x00000221564b1b80 Implicit null exception at 0x0000022160c33972 to 0x0000022160c33ee8
Event: 1.652 Thread 0x00000221564b1b80 Exception <a 'java/io/FileNotFoundException'{0x00000000eb8b19c8}> (0x00000000eb8b19c8) 
thrown [s\src\hotspot\share\prims\jni.cpp, line 516]

VM Operations (12 events):
Event: 0.377 Executing VM operation: HandshakeAllThreads
Event: 0.377 Executing VM operation: HandshakeAllThreads done
Event: 0.650 Executing VM operation: HandshakeAllThreads
Event: 0.650 Executing VM operation: HandshakeAllThreads done
Event: 1.533 Executing VM operation: HandshakeAllThreads
Event: 1.533 Executing VM operation: HandshakeAllThreads done
Event: 1.533 Executing VM operation: Cleanup
Event: 1.533 Executing VM operation: Cleanup done
Event: 1.610 Executing VM operation: HandshakeAllThreads
Event: 1.610 Executing VM operation: HandshakeAllThreads done
Event: 2.034 Executing VM operation: HandshakeAllThreads
Event: 2.034 Executing VM operation: HandshakeAllThreads done

Events (20 events):
Event: 1.997 loading class jdk/internal/logger/LazyLoggers$LazyLoggerAccessor done
Event: 1.997 loading class jdk/internal/logger/BootstrapLogger$RedirectedLoggers
Event: 1.997 loading class jdk/internal/logger/BootstrapLogger$RedirectedLoggers done
Event: 1.998 loading class jdk/internal/logger/SurrogateLogger
Event: 1.998 loading class jdk/internal/logger/SimpleConsoleLogger
Event: 1.998 loading class sun/util/logging/PlatformLogger$ConfigurableBridge$LoggerConfiguration
Event: 1.998 loading class sun/util/logging/PlatformLogger$ConfigurableBridge$LoggerConfiguration done
Event: 1.998 loading class jdk/internal/logger/SimpleConsoleLogger done
Event: 1.998 loading class jdk/internal/logger/SurrogateLogger done
Event: 1.998 loading class sun/util/logging/PlatformLogger
Event: 1.999 loading class sun/util/logging/PlatformLogger done
Event: 1.999 loading class sun/util/logging/PlatformLogger$Level
Event: 1.999 loading class sun/util/logging/PlatformLogger$Level done
Event: 2.033 loading class java/io/BufferedReader
Event: 2.033 loading class java/io/BufferedReader done
Event: 2.033 loading class sun/nio/cs/StreamDecoder
Event: 2.034 loading class sun/nio/cs/StreamDecoder done
Event: 2.034 loading class sun/nio/cs/UTF_8$Decoder
Event: 2.034 loading class sun/nio/cs/UTF_8$Decoder done
Event: 2.034 loading class java/nio/charset/CoderResult


Dynamic libraries:
0x00007ff72a890000 - 0x00007ff72a89e000 	c:\Users\Shreyas\.vscode\extensions\redhat.java-1.29.0-win32-x64\jre\17.0.10-win32-x86_64\bin\java.exe
0x00007ff91e1f0000 - 0x00007ff91e406000 	C:\WINDOWS\SYSTEM32\ntdll.dll
0x00007ff91d1b0000 - 0x00007ff91d274000 	C:\WINDOWS\System32\KERNEL32.DLL
0x00007ff91b580000 - 0x00007ff91b927000 	C:\WINDOWS\System32\KERNELBASE.dll
0x00007ff91ba20000 - 0x00007ff91bb31000 	C:\WINDOWS\System32\ucrtbase.dll
0x00007ff8f5b70000 - 0x00007ff8f5b87000 	c:\Users\Shreyas\.vscode\extensions\redhat.java-1.29.0-win32-x64\jre\17.0.10-win32-x86_64\bin\jli.dll
0x00007ff91c1c0000 - 0x00007ff91c36e000 	C:\WINDOWS\System32\USER32.dll
0x00007ff91b930000 - 0x00007ff91b956000 	C:\WINDOWS\System32\win32u.dll
0x00007ff91d280000 - 0x00007ff91d2a9000 	C:\WINDOWS\System32\GDI32.dll
0x00007ff91bc60000 - 0x00007ff91bd79000 	C:\WINDOWS\System32\gdi32full.dll
0x00007ff91bbc0000 - 0x00007ff91bc5a000 	C:\WINDOWS\System32\msvcp_win.dll
0x00007ff8f5b50000 - 0x00007ff8f5b6b000 	c:\Users\Shreyas\.vscode\extensions\redhat.java-1.29.0-win32-x64\jre\17.0.10-win32-x86_64\bin\VCRUNTIME140.dll
0x00007ff8fe640000 - 0x00007ff8fe8d3000 	C:\WINDOWS\WinSxS\amd64_microsoft.windows.common-controls_6595b64144ccf1df_6.0.22621.3235_none_270f74e173860f98\COMCTL32.dll
0x00007ff91d470000 - 0x00007ff91d517000 	C:\WINDOWS\System32\msvcrt.dll
0x00007ff91cbe0000 - 0x00007ff91cc11000 	C:\WINDOWS\System32\IMM32.DLL
0x00007ff8f7180000 - 0x00007ff8f718c000 	c:\Users\Shreyas\.vscode\extensions\redhat.java-1.29.0-win32-x64\jre\17.0.10-win32-x86_64\bin\vcruntime140_1.dll
0x00007ff8e25f0000 - 0x00007ff8e267d000 	c:\Users\Shreyas\.vscode\extensions\redhat.java-1.29.0-win32-x64\jre\17.0.10-win32-x86_64\bin\msvcp140.dll
0x00007ff86e150000 - 0x00007ff86edb2000 	c:\Users\Shreyas\.vscode\extensions\redhat.java-1.29.0-win32-x64\jre\17.0.10-win32-x86_64\bin\server\jvm.dll
0x00007ff91c100000 - 0x00007ff91c1b2000 	C:\WINDOWS\System32\ADVAPI32.dll
0x00007ff91bfd0000 - 0x00007ff91c078000 	C:\WINDOWS\System32\sechost.dll
0x00007ff91bd80000 - 0x00007ff91bda8000 	C:\WINDOWS\System32\bcrypt.dll
0x00007ff91d860000 - 0x00007ff91d975000 	C:\WINDOWS\System32\RPCRT4.dll
0x00007ff91ad90000 - 0x00007ff91addd000 	C:\WINDOWS\SYSTEM32\POWRPROF.dll
0x00007ff8f5940000 - 0x00007ff8f5949000 	C:\WINDOWS\SYSTEM32\WSOCK32.dll
0x00007ff91cc20000 - 0x00007ff91cc91000 	C:\WINDOWS\System32\WS2_32.dll
0x00007ff90ff90000 - 0x00007ff90ffc4000 	C:\WINDOWS\SYSTEM32\WINMM.dll
0x00007ff90fd10000 - 0x00007ff90fd1a000 	C:\WINDOWS\SYSTEM32\VERSION.dll
0x00007ff91ad70000 - 0x00007ff91ad83000 	C:\WINDOWS\SYSTEM32\UMPDC.dll
0x00007ff91a550000 - 0x00007ff91a568000 	C:\WINDOWS\SYSTEM32\kernel.appcore.dll
0x00007ff8f6f80000 - 0x00007ff8f6f8a000 	c:\Users\Shreyas\.vscode\extensions\redhat.java-1.29.0-win32-x64\jre\17.0.10-win32-x86_64\bin\jimage.dll
0x00007ff918e40000 - 0x00007ff919073000 	C:\WINDOWS\SYSTEM32\DBGHELP.DLL
0x00007ff91cca0000 - 0x00007ff91d028000 	C:\WINDOWS\System32\combase.dll
0x00007ff91d590000 - 0x00007ff91d667000 	C:\WINDOWS\System32\OLEAUT32.dll
0x00007ff8fa220000 - 0x00007ff8fa252000 	C:\WINDOWS\SYSTEM32\dbgcore.DLL
0x00007ff91bb40000 - 0x00007ff91bbb9000 	C:\WINDOWS\System32\bcryptPrimitives.dll
0x00007ff8f5b40000 - 0x00007ff8f5b4e000 	c:\Users\Shreyas\.vscode\extensions\redhat.java-1.29.0-win32-x64\jre\17.0.10-win32-x86_64\bin\instrument.dll
0x00007ff8f5ad0000 - 0x00007ff8f5af5000 	c:\Users\Shreyas\.vscode\extensions\redhat.java-1.29.0-win32-x64\jre\17.0.10-win32-x86_64\bin\java.dll
0x00007ff8f5ab0000 - 0x00007ff8f5ac8000 	c:\Users\Shreyas\.vscode\extensions\redhat.java-1.29.0-win32-x64\jre\17.0.10-win32-x86_64\bin\zip.dll
0x00007ff91c370000 - 0x00007ff91cbcc000 	C:\WINDOWS\System32\SHELL32.dll
0x00007ff919470000 - 0x00007ff919d69000 	C:\WINDOWS\SYSTEM32\windows.storage.dll
0x00007ff919330000 - 0x00007ff91946e000 	C:\WINDOWS\SYSTEM32\wintypes.dll
0x00007ff91d0b0000 - 0x00007ff91d1a3000 	C:\WINDOWS\System32\SHCORE.dll
0x00007ff91d030000 - 0x00007ff91d08e000 	C:\WINDOWS\System32\shlwapi.dll
0x00007ff91b440000 - 0x00007ff91b461000 	C:\WINDOWS\SYSTEM32\profapi.dll
0x00007ff8f5a90000 - 0x00007ff8f5aa9000 	C:\Users\Shreyas\.vscode\extensions\redhat.java-1.29.0-win32-x64\jre\17.0.10-win32-x86_64\bin\net.dll
0x00007ff912e50000 - 0x00007ff912f86000 	C:\WINDOWS\SYSTEM32\WINHTTP.dll
0x00007ff91a9c0000 - 0x00007ff91aa29000 	C:\WINDOWS\system32\mswsock.dll
0x00007ff8f4ec0000 - 0x00007ff8f4ed6000 	C:\Users\Shreyas\.vscode\extensions\redhat.java-1.29.0-win32-x64\jre\17.0.10-win32-x86_64\bin\nio.dll
0x00007ff8f5a80000 - 0x00007ff8f5a90000 	c:\Users\Shreyas\.vscode\extensions\redhat.java-1.29.0-win32-x64\jre\17.0.10-win32-x86_64\bin\verify.dll

dbghelp: loaded successfully - version: 4.0.5 - missing functions: none
symbol engine: initialized successfully - sym options: 0x614 - pdb path: .;c:\Users\Shreyas\.vscode\extensions\redhat.java-1.29.0-win32-x64\jre\17.0.10-win32-x86_64\bin;C:\WINDOWS\SYSTEM32;C:\WINDOWS\WinSxS\amd64_microsoft.windows.common-controls_6595b64144ccf1df_6.0.22621.3235_none_270f74e173860f98;c:\Users\Shreyas\.vscode\extensions\redhat.java-1.29.0-win32-x64\jre\17.0.10-win32-x86_64\bin\server

VM Arguments:
jvm_args: --add-modules=ALL-SYSTEM --add-opens=java.base/java.util=ALL-UNNAMED --add-opens=java.base/java.lang=ALL-UNNAMED --add-opens=java.base/sun.nio.fs=ALL-UNNAMED -Declipse.application=org.eclipse.jdt.ls.core.id1 -Dosgi.bundles.defaultStartLevel=4 -Declipse.product=org.eclipse.jdt.ls.core.product -Djava.import.generatesMetadataFilesAtProjectRoot=false -DDetectVMInstallationsJob.disabled=true -Dfile.encoding=utf8 -XX:+UseParallelGC -XX:GCTimeRatio=4 -XX:AdaptiveSizePolicyWeight=90 -Dsun.zip.disableMemoryMapping=true -Xmx1G -Xms100m -Xlog:disable -javaagent:c:\Users\Shreyas\.vscode\extensions\redhat.java-1.29.0-win32-x64\lombok\lombok-1.18.32.jar -XX:+HeapDumpOnOutOfMemoryError -XX:HeapDumpPath=c:\Users\Shreyas\AppData\Roaming\Code\User\workspaceStorage\1c0bf51968b0f430988c3dc85523d985\redhat.java -Daether.dependencyCollector.impl=bf 
java_command: c:\Users\Shreyas\.vscode\extensions\redhat.java-1.29.0-win32-x64\server\plugins\org.eclipse.equinox.launcher_1.6.800.v20240304-1850.jar -configuration c:\Users\Shreyas\AppData\Roaming\Code\User\globalStorage\redhat.java\1.29.0\config_win -data c:\Users\Shreyas\AppData\Roaming\Code\User\workspaceStorage\1c0bf51968b0f430988c3dc85523d985\redhat.java\jdt_ws --stdio
java_class_path (initial): c:\Users\Shreyas\.vscode\extensions\redhat.java-1.29.0-win32-x64\server\plugins\org.eclipse.equinox.launcher_1.6.800.v20240304-1850.jar
Launcher Type: SUN_STANDARD

[Global flags]
    uintx AdaptiveSizePolicyWeight                 = 90                                        {product} {command line}
     intx CICompilerCount                          = 4                                         {product} {ergonomic}
    uintx GCTimeRatio                              = 4                                         {product} {command line}
     bool HeapDumpOnOutOfMemoryError               = true                                   {manageable} {command line}
    ccstr HeapDumpPath                             = c:\Users\Shreyas\AppData\Roaming\Code\User\workspaceStorage\1c0bf51968b0f430988c3dc85523d985\redhat.java         {manageable} {command line}
   size_t InitialHeapSize                          = 104857600                                 {product} {command line}
   size_t MaxHeapSize                              = 1073741824                                {product} {command line}
   size_t MaxNewSize                               = 357564416                                 {product} {ergonomic}
   size_t MinHeapDeltaBytes                        = 524288                                    {product} {ergonomic}
   size_t MinHeapSize                              = 104857600                                 {product} {command line}
   size_t NewSize                                  = 34603008                                  {product} {ergonomic}
    uintx NonNMethodCodeHeapSize                   = 5839372                                {pd product} {ergonomic}
    uintx NonProfiledCodeHeapSize                  = 122909434                              {pd product} {ergonomic}
   size_t OldSize                                  = 70254592                                  {product} {ergonomic}
    uintx ProfiledCodeHeapSize                     = 122909434                              {pd product} {ergonomic}
    uintx ReservedCodeCacheSize                    = 251658240                              {pd product} {ergonomic}
     bool SegmentedCodeCache                       = true                                      {product} {ergonomic}
   size_t SoftMaxHeapSize                          = 1073741824                             {manageable} {ergonomic}
     bool UseCompressedClassPointers               = true                           {product lp64_product} {ergonomic}
     bool UseCompressedOops                        = true                           {product lp64_product} {ergonomic}
     bool UseLargePagesIndividualAllocation        = false                                  {pd product} {ergonomic}
     bool UseParallelGC                            = true                                      {product} {command line}

Logging:
Log output configuration:
 #0: stdout all=off uptime,level,tags
 #1: stderr all=off uptime,level,tags

Environment Variables:
PATH=C:\ProgramData\Oracle\Java\javapath;C:\Program Files\Common Files\Oracle\Java\javapath;C:\WINDOWS\system32;C:\WINDOWS;C:\WINDOWS\System32\Wbem;C:\WINDOWS\System32\WindowsPowerShell\v1.0\;C:\WINDOWS\System32\OpenSSH\;C:\MinGW\bin;C:\Users\Shreyas\Downloads\flutter_windows_3.16.8-stable\flutter\bin;C:\Users\Shreyas\AppData\Local\Android\Sdk;C:\Users\Shreyas\AppData\Local\Android\Sdk\platform-tools;C:\Program Files (x86)\Windows Kits\10\Windows Performance Toolkit\;C:\Users\Shreyas\Downloads\flutter_windows_3.16.8-stable.zip\flutter\bin;C:\Users\Shreyas\jdk-20_windows-x64_bin\jdk-20.0.2\bin;C:\Program Files\Git\cmd;C:\Users\Shreyas\AppData\Local\Android\Sdk\emulator;C:\Users\Shreyas\AppData\Local\Android\Sdk\tools\bin;C:\Users\Shreyas\.gradle;C:\Program Files\dotnet\;C:\Users\Shreyas\AppData\Local\Programs\Microsoft VS Code\bin;C:\Users\Shreyas\Downloads\flutter_windows_3.16.8-stable\flutter\bin;C:\Users\Shreyas\AppData\Local\Android\Sdk;C:\Users\Shreyas\AppData\Local\Android\Sdk\platform-tools;C:\Users\Shreyas\AppData\Local\Android\Sdk\emulator;C:\Users\Shreyas\AppData\Local\Android\Sdk\tools;C:\Users\Shreyas\AppData\Local\Android\Sdk\tools\bin;C:\Users\Shreyas\Downloads\flutter_windows_3.16.8-stable.zip\flutter\bin;C:\Users\Shreyas\Downloads\flutter_windows_3.16.8-stable\flutter\bin\cache\dart-sdk\bin;C:\Users\Shreyas\jdk-20_windows-x64_bin\jdk-20.0.2\bin;C:\Users\Shreyas\Downloads\gradle-8.5-bin.zip\gradle-8.5\bin;
USERNAME=Shreyas
OS=Windows_NT
PROCESSOR_IDENTIFIER=Intel64 Family 6 Model 140 Stepping 1, GenuineIntel
TMP=C:\Users\Shreyas\AppData\Local\Temp
TEMP=C:\Users\Shreyas\AppData\Local\Temp



Periodic native trim disabled


---------------  S Y S T E M  ---------------

OS:
 Windows 11 , 64 bit Build 22621 (10.0.22621.3374)
OS uptime: 0 days 0:16 hours

CPU: total 8 (initial active 8) (4 cores per cpu, 2 threads per core) family 6 model 140 stepping 1 microcode 0xb4, cx8, cmov, fxsr, ht, mmx, 3dnowpref, sse, sse2, sse3, ssse3, sse4.1, sse4.2, popcnt, lzcnt, tsc, tscinvbit, avx, avx2, aes, erms, clmul, bmi1, bmi2, adx, avx512f, avx512dq, avx512cd, avx512bw, avx512vl, sha, fma, vzeroupper, avx512_vpopcntdq, avx512_vpclmulqdq, avx512_vaes, avx512_vnni, clflush, clflushopt, clwb, avx512_vbmi2, avx512_vbmi
Processor Information for all 8 processors :
  Max Mhz: 2001, Current Mhz: 2000, Mhz Limit: 1980

Memory: 4k page, system-wide physical 7834M (687M free)
TotalPageFile size 12807M (AvailPageFile size 0M)
current process WorkingSet (physical memory assigned to process): 69M, peak: 69M
current process commit charge ("private bytes"): 199M, peak: 200M

vm_info: OpenJDK 64-Bit Server VM (17.0.10+7) for windows-amd64 JRE (17.0.10+7), built on Jan 16 2024 23:25:11 by "admin" with MS VC++ 16.10 / 16.11 (VS2019)

END.
